<?xml version="1.0" ?>
<!DOCTYPE coverage
  SYSTEM 'http://cobertura.sourceforge.net/xml/coverage-03.dtd'>
<coverage branch-rate="1" line-rate="1" timestamp="1388233221851" version="3.7.1">
	<!-- Generated by coverage.py: http://nedbatchelder.com/code/coverage -->
	<packages>
		<package branch-rate="0" complexity="0" line-rate="1" name="">
			<classes>
				<class branch-rate="0" complexity="0" filename="provy/__init__.py" line-rate="1" name="provy">
					<methods/>
					<lines>
						<line hits="1" number="4"/>
						<line hits="1" number="8"/>
						<line hits="1" number="9"/>
						<line hits="1" number="11"/>
						<line hits="1" number="12"/>
					</lines>
				</class>
			</classes>
		</package>
		<package branch-rate="0" complexity="0" line-rate="1" name="provy">
			<classes>
				<class branch-rate="0" complexity="0" filename="provy/core/__init__.py" line-rate="1" name="provy.core">
					<methods/>
					<lines>
						<line hits="1" number="5"/>
						<line hits="1" number="9"/>
						<line hits="1" number="10"/>
						<line hits="1" number="11"/>
					</lines>
				</class>
				<class branch-rate="0" complexity="0" filename="provy/more/__init__.py" line-rate="1" name="provy.more">
					<methods/>
					<lines>
						<line hits="1" number="4"/>
					</lines>
				</class>
			</classes>
		</package>
		<package branch-rate="1" complexity="0" line-rate="1" name="provy.core">
			<classes>
				<class branch-rate="0" complexity="0" filename="provy/core/errors.py" line-rate="1" name="provy.core.errors">
					<methods/>
					<lines>
						<line hits="1" number="5"/>
					</lines>
				</class>
				<class branch-rate="1" complexity="0" filename="provy/core/roles.py" line-rate="1" name="provy.core.roles">
					<methods/>
					<lines>
						<line hits="1" number="4"/>
						<line hits="1" number="7"/>
						<line hits="1" number="8"/>
						<line hits="1" number="9"/>
						<line hits="1" number="10"/>
						<line hits="1" number="11"/>
						<line hits="1" number="12"/>
						<line hits="1" number="13"/>
						<line hits="1" number="15"/>
						<line hits="1" number="16"/>
						<line hits="1" number="17"/>
						<line hits="1" number="18"/>
						<line hits="1" number="21"/>
						<line hits="1" number="27"/>
						<line hits="1" number="28"/>
						<line hits="1" number="29"/>
						<line hits="1" number="30"/>
						<line hits="1" number="32"/>
						<line branch="true" condition-coverage="100% (2/2)" hits="1" number="33"/>
						<line hits="1" number="34"/>
						<line hits="1" number="36"/>
						<line hits="1" number="37"/>
						<line hits="1" number="38"/>
						<line hits="1" number="39"/>
						<line hits="1" number="40"/>
						<line hits="1" number="42"/>
						<line hits="1" number="43"/>
						<line branch="true" condition-coverage="100% (2/2)" hits="1" number="44"/>
						<line hits="1" number="45"/>
						<line hits="1" number="46"/>
						<line hits="1" number="49"/>
						<line hits="1" number="65"/>
						<line branch="true" condition-coverage="100% (2/2)" hits="1" number="66"/>
						<line hits="1" number="67"/>
						<line branch="true" condition-coverage="100% (2/2)" hits="1" number="68"/>
						<line hits="1" number="69"/>
						<line hits="1" number="70"/>
						<line hits="1" number="71"/>
						<line hits="1" number="72"/>
						<line hits="1" number="73"/>
						<line hits="1" number="75"/>
						<line branch="true" condition-coverage="100% (2/2)" hits="1" number="95"/>
						<line hits="1" number="96"/>
						<line hits="1" number="97"/>
						<line hits="1" number="99"/>
						<line hits="1" number="115"/>
						<line hits="1" number="117"/>
						<line hits="1" number="119"/>
						<line hits="1" number="121"/>
						<line hits="1" number="136"/>
						<line branch="true" condition-coverage="100% (2/2)" hits="1" number="137"/>
						<line branch="true" condition-coverage="100% (2/2)" hits="1" number="138"/>
						<line hits="1" number="139"/>
						<line branch="true" condition-coverage="100% (2/2)" hits="1" number="141"/>
						<line hits="1" number="142"/>
						<line hits="1" number="144"/>
						<line hits="1" number="164"/>
						<line hits="1" number="165"/>
						<line hits="1" number="166"/>
						<line hits="1" number="168"/>
						<line hits="1" number="183"/>
						<line hits="1" number="185"/>
						<line branch="true" condition-coverage="100% (2/2)" hits="1" number="203"/>
						<line hits="1" number="204"/>
						<line hits="1" number="205"/>
						<line hits="1" number="206"/>
						<line hits="1" number="207"/>
						<line hits="1" number="209"/>
						<line hits="1" number="210"/>
						<line branch="true" condition-coverage="100% (2/2)" hits="1" number="211"/>
						<line hits="1" number="212"/>
						<line hits="1" number="214"/>
						<line hits="1" number="217"/>
						<line hits="1" number="219"/>
						<line hits="1" number="220"/>
						<line branch="true" condition-coverage="100% (2/2)" hits="1" number="224"/>
						<line hits="1" number="225"/>
						<line hits="1" number="226"/>
						<line hits="1" number="228"/>
						<line hits="1" number="230"/>
						<line hits="1" number="265"/>
						<line hits="1" number="266"/>
						<line hits="1" number="267"/>
						<line hits="1" number="269"/>
						<line branch="true" condition-coverage="100% (2/2)" hits="1" number="270"/>
						<line hits="1" number="271"/>
						<line hits="1" number="272"/>
						<line hits="1" number="274"/>
						<line hits="1" number="300"/>
						<line hits="1" number="301"/>
						<line hits="1" number="303"/>
						<line branch="true" condition-coverage="100% (2/2)" hits="1" number="304"/>
						<line hits="1" number="305"/>
						<line branch="true" condition-coverage="100% (2/2)" hits="1" number="306"/>
						<line hits="1" number="307"/>
						<line hits="1" number="308"/>
						<line hits="1" number="310"/>
						<line hits="1" number="333"/>
						<line hits="1" number="335"/>
						<line hits="1" number="351"/>
						<line branch="true" condition-coverage="100% (2/2)" hits="1" number="353"/>
						<line hits="1" number="354"/>
						<line hits="1" number="356"/>
						<line hits="1" number="358"/>
						<line hits="1" number="360"/>
						<line hits="1" number="371"/>
						<line hits="1" number="372"/>
						<line hits="1" number="373"/>
						<line hits="1" number="374"/>
						<line hits="1" number="376"/>
						<line hits="1" number="392"/>
						<line hits="1" number="394"/>
						<line hits="1" number="414"/>
						<line hits="1" number="416"/>
						<line hits="1" number="436"/>
						<line hits="1" number="438"/>
						<line hits="1" number="458"/>
						<line hits="1" number="460"/>
						<line hits="1" number="476"/>
						<line hits="1" number="478"/>
						<line hits="1" number="494"/>
						<line hits="1" number="496"/>
						<line hits="1" number="516"/>
						<line branch="true" condition-coverage="100% (2/2)" hits="1" number="518"/>
						<line hits="1" number="519"/>
						<line hits="1" number="520"/>
						<line hits="1" number="522"/>
						<line branch="true" condition-coverage="100% (2/2)" hits="1" number="547"/>
						<line hits="1" number="548"/>
						<line hits="1" number="550"/>
						<line hits="1" number="552"/>
						<line branch="true" condition-coverage="100% (2/2)" hits="1" number="554"/>
						<line hits="1" number="555"/>
						<line branch="true" condition-coverage="100% (2/2)" hits="1" number="557"/>
						<line hits="1" number="558"/>
						<line hits="1" number="560"/>
						<line hits="1" number="562"/>
						<line branch="true" condition-coverage="100% (2/2)" hits="1" number="582"/>
						<line hits="1" number="583"/>
						<line branch="true" condition-coverage="100% (2/2)" hits="1" number="585"/>
						<line hits="1" number="586"/>
						<line branch="true" condition-coverage="100% (2/2)" hits="1" number="588"/>
						<line hits="1" number="589"/>
						<line hits="1" number="591"/>
						<line hits="1" number="609"/>
						<line hits="1" number="611"/>
						<line branch="true" condition-coverage="100% (2/2)" hits="1" number="633"/>
						<line hits="1" number="634"/>
						<line hits="1" number="635"/>
						<line hits="1" number="637"/>
						<line hits="1" number="657"/>
						<line branch="true" condition-coverage="100% (2/2)" hits="1" number="658"/>
						<line hits="1" number="659"/>
						<line hits="1" number="661"/>
						<line branch="true" condition-coverage="100% (2/2)" hits="1" number="662"/>
						<line hits="1" number="663"/>
						<line hits="1" number="664"/>
						<line hits="1" number="666"/>
						<line branch="true" condition-coverage="100% (2/2)" hits="1" number="685"/>
						<line hits="1" number="686"/>
						<line hits="1" number="688"/>
						<line hits="1" number="689"/>
						<line hits="1" number="691"/>
						<line branch="true" condition-coverage="100% (2/2)" hits="1" number="710"/>
						<line hits="1" number="711"/>
						<line hits="1" number="713"/>
						<line hits="1" number="714"/>
						<line hits="1" number="716"/>
						<line hits="1" number="717"/>
						<line hits="1" number="719"/>
						<line branch="true" condition-coverage="100% (2/2)" hits="1" number="742"/>
						<line branch="true" condition-coverage="100% (2/2)" hits="1" number="743"/>
						<line hits="1" number="744"/>
						<line hits="1" number="746"/>
						<line hits="1" number="747"/>
						<line branch="true" condition-coverage="100% (2/2)" hits="1" number="748"/>
						<line hits="1" number="749"/>
						<line hits="1" number="750"/>
						<line hits="1" number="751"/>
						<line hits="1" number="753"/>
						<line branch="true" condition-coverage="100% (2/2)" hits="1" number="775"/>
						<line hits="1" number="776"/>
						<line hits="1" number="777"/>
						<line hits="1" number="778"/>
						<line hits="1" number="779"/>
						<line hits="1" number="781"/>
						<line branch="true" condition-coverage="100% (2/2)" hits="1" number="801"/>
						<line hits="1" number="802"/>
						<line hits="1" number="804"/>
						<line branch="true" condition-coverage="100% (2/2)" hits="1" number="805"/>
						<line hits="1" number="806"/>
						<line branch="true" condition-coverage="100% (2/2)" hits="1" number="807"/>
						<line hits="1" number="808"/>
						<line branch="true" condition-coverage="100% (2/2)" hits="1" number="809"/>
						<line hits="1" number="810"/>
						<line hits="1" number="811"/>
						<line hits="1" number="813"/>
						<line hits="1" number="814"/>
						<line hits="1" number="816"/>
						<line hits="1" number="817"/>
						<line branch="true" condition-coverage="100% (2/2)" hits="1" number="818"/>
						<line hits="1" number="819"/>
						<line branch="true" condition-coverage="100% (2/2)" hits="1" number="820"/>
						<line hits="1" number="821"/>
						<line hits="1" number="822"/>
						<line hits="1" number="824"/>
						<line hits="1" number="845"/>
						<line hits="1" number="846"/>
						<line hits="1" number="848"/>
						<line hits="1" number="884"/>
						<line hits="1" number="885"/>
						<line hits="1" number="886"/>
						<line hits="1" number="887"/>
						<line branch="true" condition-coverage="100% (2/2)" hits="1" number="889"/>
						<line hits="1" number="890"/>
						<line hits="1" number="892"/>
						<line hits="1" number="893"/>
						<line hits="1" number="894"/>
						<line branch="true" condition-coverage="100% (2/2)" hits="1" number="896"/>
						<line hits="1" number="897"/>
						<line branch="true" condition-coverage="100% (2/2)" hits="1" number="899"/>
						<line hits="1" number="900"/>
						<line hits="1" number="901"/>
						<line hits="1" number="902"/>
						<line hits="1" number="904"/>
						<line hits="1" number="905"/>
						<line hits="1" number="906"/>
						<line hits="1" number="907"/>
						<line hits="1" number="908"/>
						<line hits="1" number="910"/>
						<line hits="1" number="911"/>
						<line hits="1" number="913"/>
						<line hits="1" number="914"/>
						<line hits="1" number="916"/>
						<line branch="true" condition-coverage="100% (2/2)" hits="1" number="917"/>
						<line hits="1" number="918"/>
						<line hits="1" number="919"/>
						<line hits="1" number="921"/>
						<line branch="true" condition-coverage="100% (2/2)" hits="1" number="922"/>
						<line hits="1" number="923"/>
						<line branch="true" condition-coverage="100% (2/2)" hits="1" number="924"/>
						<line hits="1" number="925"/>
						<line hits="1" number="927"/>
						<line branch="true" condition-coverage="100% (2/2)" hits="1" number="929"/>
						<line hits="1" number="930"/>
						<line hits="1" number="932"/>
						<line hits="1" number="952"/>
						<line hits="1" number="953"/>
						<line hits="1" number="954"/>
						<line hits="1" number="955"/>
						<line hits="1" number="956"/>
						<line hits="1" number="958"/>
						<line hits="1" number="960"/>
						<line hits="1" number="981"/>
						<line hits="1" number="982"/>
						<line hits="1" number="984"/>
						<line branch="true" condition-coverage="100% (2/2)" hits="1" number="1011"/>
						<line hits="1" number="1012"/>
						<line hits="1" number="1013"/>
						<line hits="1" number="1015"/>
						<line hits="1" number="1016"/>
						<line hits="1" number="1017"/>
						<line hits="1" number="1019"/>
						<line hits="1" number="1021"/>
						<line hits="1" number="1043"/>
						<line hits="1" number="1044"/>
						<line hits="1" number="1046"/>
						<line branch="true" condition-coverage="100% (2/2)" hits="1" number="1068"/>
						<line hits="1" number="1069"/>
						<line hits="1" number="1071"/>
						<line hits="1" number="1073"/>
						<line branch="true" condition-coverage="100% (2/2)" hits="1" number="1075"/>
						<line branch="true" condition-coverage="100% (2/2)" hits="1" number="1076"/>
						<line hits="1" number="1077"/>
						<line hits="1" number="1078"/>
						<line hits="1" number="1080"/>
						<line branch="true" condition-coverage="100% (2/2)" hits="1" number="1102"/>
						<line hits="1" number="1104"/>
						<line hits="1" number="1105"/>
						<line hits="1" number="1107"/>
						<line hits="1" number="1108"/>
						<line hits="1" number="1110"/>
						<line hits="1" number="1129"/>
						<line hits="1" number="1131"/>
						<line branch="true" condition-coverage="100% (2/2)" hits="1" number="1175"/>
						<line hits="1" number="1176"/>
						<line hits="1" number="1177"/>
						<line hits="1" number="1178"/>
						<line branch="true" condition-coverage="100% (2/2)" hits="1" number="1180"/>
						<line branch="true" condition-coverage="100% (2/2)" hits="1" number="1181"/>
						<line hits="1" number="1182"/>
						<line hits="1" number="1183"/>
						<line hits="1" number="1184"/>
						<line hits="1" number="1186"/>
						<line hits="1" number="1188"/>
						<line hits="1" number="1191"/>
						<line hits="1" number="1197"/>
						<line hits="1" number="1198"/>
						<line hits="1" number="1199"/>
						<line hits="1" number="1200"/>
						<line hits="1" number="1201"/>
						<line hits="1" number="1204"/>
						<line hits="1" number="1208"/>
						<line hits="1" number="1209"/>
						<line hits="1" number="1210"/>
						<line hits="1" number="1211"/>
					</lines>
				</class>
				<class branch-rate="1" complexity="0" filename="provy/core/runner.py" line-rate="1" name="provy.core.runner">
					<methods/>
					<lines>
						<line hits="1" number="4"/>
						<line hits="1" number="9"/>
						<line hits="1" number="11"/>
						<line hits="1" number="13"/>
						<line hits="1" number="15"/>
						<line hits="1" number="16"/>
						<line hits="1" number="17"/>
						<line hits="1" number="19"/>
						<line hits="1" number="22"/>
						<line hits="1" number="23"/>
						<line hits="1" number="24"/>
						<line hits="1" number="25"/>
						<line hits="1" number="27"/>
						<line branch="true" condition-coverage="100% (2/2)" hits="1" number="29"/>
						<line hits="1" number="30"/>
						<line hits="1" number="33"/>
						<line hits="1" number="34"/>
						<line hits="1" number="35"/>
						<line hits="1" number="36"/>
						<line hits="1" number="37"/>
						<line hits="1" number="40"/>
						<line hits="1" number="41"/>
						<line hits="1" number="52"/>
						<line hits="1" number="54"/>
						<line hits="1" number="57"/>
						<line hits="1" number="59"/>
						<line hits="1" number="61"/>
						<line branch="true" condition-coverage="100% (2/2)" hits="1" number="62"/>
						<line hits="1" number="63"/>
						<line hits="1" number="65"/>
						<line hits="1" number="66"/>
						<line hits="1" number="67"/>
						<line hits="1" number="68"/>
						<line hits="1" number="70"/>
						<line branch="true" condition-coverage="100% (2/2)" hits="1" number="71"/>
						<line hits="1" number="72"/>
						<line hits="1" number="73"/>
						<line hits="1" number="74"/>
						<line hits="1" number="75"/>
						<line branch="true" condition-coverage="100% (2/2)" hits="1" number="77"/>
						<line hits="1" number="78"/>
						<line branch="true" condition-coverage="100% (2/2)" hits="1" number="80"/>
						<line hits="1" number="81"/>
						<line hits="1" number="83"/>
						<line hits="1" number="86"/>
						<line branch="true" condition-coverage="100% (2/2)" hits="1" number="87"/>
						<line hits="1" number="88"/>
						<line hits="1" number="91"/>
						<line branch="true" condition-coverage="100% (2/2)" hits="1" number="92"/>
						<line branch="true" condition-coverage="100% (2/2)" hits="1" number="93"/>
						<line branch="true" condition-coverage="100% (2/2)" hits="1" number="94"/>
						<line branch="true" condition-coverage="100% (2/2)" hits="1" number="95"/>
						<line hits="1" number="96"/>
						<line hits="1" number="98"/>
						<line hits="1" number="99"/>
						<line hits="1" number="102"/>
						<line hits="1" number="103"/>
						<line branch="true" condition-coverage="100% (3/3)" hits="1" number="104"/>
						<line hits="1" number="105"/>
						<line hits="1" number="106"/>
						<line hits="1" number="108"/>
						<line branch="true" condition-coverage="100% (2/2)" hits="1" number="109"/>
						<line hits="1" number="110"/>
						<line hits="1" number="112"/>
						<line hits="1" number="114"/>
						<line branch="true" condition-coverage="100% (2/2)" hits="1" number="116"/>
						<line hits="1" number="117"/>
						<line hits="1" number="118"/>
						<line hits="1" number="120"/>
						<line hits="1" number="121"/>
						<line hits="1" number="122"/>
						<line hits="1" number="125"/>
						<line branch="true" condition-coverage="100% (2/2)" hits="1" number="126"/>
						<line hits="1" number="127"/>
						<line branch="true" condition-coverage="100% (2/2)" hits="1" number="129"/>
						<line hits="1" number="130"/>
						<line branch="true" condition-coverage="100% (2/2)" hits="1" number="132"/>
						<line branch="true" condition-coverage="100% (2/2)" hits="1" number="133"/>
						<line hits="1" number="134"/>
						<line hits="1" number="136"/>
					</lines>
				</class>
				<class branch-rate="1" complexity="0" filename="provy/core/server.py" line-rate="1" name="provy.core.server">
					<methods/>
					<lines>
						<line hits="1" number="2"/>
						<line hits="1" number="5"/>
						<line hits="1" number="7"/>
						<line hits="1" number="16"/>
						<line hits="1" number="17"/>
						<line hits="1" number="18"/>
						<line hits="1" number="19"/>
						<line hits="1" number="20"/>
						<line hits="1" number="21"/>
						<line hits="1" number="22"/>
						<line hits="1" number="23"/>
						<line hits="1" number="25"/>
						<line hits="1" number="27"/>
						<line hits="1" number="28"/>
						<line hits="1" number="29"/>
						<line hits="1" number="30"/>
						<line hits="1" number="31"/>
						<line hits="1" number="33"/>
						<line hits="1" number="35"/>
						<line hits="1" number="37"/>
						<line hits="1" number="38"/>
						<line branch="true" condition-coverage="100% (2/2)" hits="1" number="46"/>
						<line hits="1" number="47"/>
						<line hits="1" number="48"/>
						<line hits="1" number="50"/>
						<line hits="1" number="51"/>
						<line hits="1" number="52"/>
						<line hits="1" number="53"/>
						<line hits="1" number="54"/>
						<line hits="1" number="55"/>
						<line hits="1" number="56"/>
						<line hits="1" number="57"/>
					</lines>
				</class>
				<class branch-rate="1" complexity="0" filename="provy/core/utils.py" line-rate="1" name="provy.core.utils">
					<methods/>
					<lines>
						<line hits="1" number="4"/>
						<line hits="1" number="10"/>
						<line hits="1" number="11"/>
						<line hits="1" number="14"/>
						<line branch="true" condition-coverage="100% (2/2)" hits="1" number="15"/>
						<line hits="1" number="16"/>
						<line branch="true" condition-coverage="100% (2/2)" hits="1" number="17"/>
						<line hits="1" number="18"/>
						<line branch="true" condition-coverage="100% (2/2)" hits="1" number="19"/>
						<line hits="1" number="20"/>
						<line hits="1" number="21"/>
						<line branch="true" condition-coverage="100% (2/2)" hits="1" number="22"/>
						<line hits="1" number="23"/>
						<line branch="true" condition-coverage="100% (2/2)" hits="1" number="24"/>
						<line hits="1" number="25"/>
						<line hits="1" number="26"/>
						<line hits="1" number="29"/>
						<line hits="1" number="30"/>
						<line hits="1" number="31"/>
						<line hits="1" number="32"/>
						<line hits="1" number="35"/>
						<line hits="1" number="36"/>
						<line branch="true" condition-coverage="100% (2/2)" hits="1" number="37"/>
						<line hits="1" number="38"/>
						<line hits="1" number="39"/>
						<line hits="1" number="42"/>
						<line hits="1" number="48"/>
						<line hits="1" number="49"/>
						<line hits="1" number="50"/>
						<line hits="1" number="52"/>
						<line hits="1" number="53"/>
						<line hits="1" number="54"/>
					</lines>
				</class>
			</classes>
		</package>
		<package branch-rate="0" complexity="0" line-rate="1" name="provy.more">
			<classes>
				<class branch-rate="0" complexity="0" filename="provy/more/base/__init__.py" line-rate="1" name="provy.more.base">
					<methods/>
					<lines>
						<line hits="1" number="5"/>
						<line hits="1" number="9"/>
					</lines>
				</class>
				<class branch-rate="0" complexity="0" filename="provy/more/centos/__init__.py" line-rate="1" name="provy.more.centos">
					<methods/>
					<lines>
						<line hits="1" number="5"/>
						<line hits="1" number="9"/>
						<line hits="1" number="10"/>
						<line hits="1" number="11"/>
						<line hits="1" number="12"/>
						<line hits="1" number="13"/>
						<line hits="1" number="14"/>
						<line hits="1" number="15"/>
					</lines>
				</class>
				<class branch-rate="0" complexity="0" filename="provy/more/debian/__init__.py" line-rate="1" name="provy.more.debian">
					<methods/>
					<lines>
						<line hits="1" number="5"/>
						<line hits="1" number="9"/>
						<line hits="1" number="10"/>
						<line hits="1" number="11"/>
						<line hits="1" number="12"/>
						<line hits="1" number="13"/>
						<line hits="1" number="14"/>
						<line hits="1" number="15"/>
						<line hits="1" number="16"/>
						<line hits="1" number="17"/>
						<line hits="1" number="18"/>
						<line hits="1" number="19"/>
						<line hits="1" number="20"/>
					</lines>
				</class>
				<class branch-rate="0" complexity="0" filename="provy/more/linux/__init__.py" line-rate="0" name="provy.more.linux">
					<methods/>
					<lines/>
				</class>
			</classes>
		</package>
		<package branch-rate="0" complexity="0" line-rate="1" name="provy.more.base">
			<classes>
				<class branch-rate="0" complexity="0" filename="provy/more/base/database/__init__.py" line-rate="1" name="provy.more.base.database">
					<methods/>
					<lines>
						<line hits="1" number="5"/>
						<line hits="1" number="9"/>
					</lines>
				</class>
			</classes>
		</package>
		<package branch-rate="1" complexity="0" line-rate="1" name="provy.more.base.database">
			<classes>
				<class branch-rate="1" complexity="0" filename="provy/more/base/database/postgresql.py" line-rate="1" name="provy.more.base.database.postgresql">
					<methods/>
					<lines>
						<line hits="1" number="4"/>
						<line hits="1" number="8"/>
						<line hits="1" number="11"/>
						<line hits="1" number="12"/>
						<line hits="1" number="18"/>
						<line hits="1" number="20"/>
						<line hits="1" number="21"/>
						<line hits="1" number="23"/>
						<line hits="1" number="50"/>
						<line hits="1" number="51"/>
						<line hits="1" number="53"/>
						<line hits="1" number="54"/>
						<line branch="true" condition-coverage="100% (2/2)" hits="1" number="55"/>
						<line hits="1" number="56"/>
						<line hits="1" number="57"/>
						<line branch="true" condition-coverage="100% (2/2)" hits="1" number="58"/>
						<line hits="1" number="59"/>
						<line hits="1" number="60"/>
						<line hits="1" number="61"/>
						<line hits="1" number="63"/>
						<line hits="1" number="81"/>
						<line hits="1" number="83"/>
						<line hits="1" number="101"/>
						<line hits="1" number="103"/>
						<line branch="true" condition-coverage="100% (2/2)" hits="1" number="130"/>
						<line hits="1" number="131"/>
						<line hits="1" number="132"/>
						<line hits="1" number="133"/>
						<line hits="1" number="135"/>
						<line hits="1" number="155"/>
						<line hits="1" number="156"/>
						<line hits="1" number="158"/>
						<line hits="1" number="176"/>
						<line hits="1" number="178"/>
						<line hits="1" number="196"/>
						<line hits="1" number="198"/>
						<line branch="true" condition-coverage="100% (2/2)" hits="1" number="218"/>
						<line hits="1" number="219"/>
						<line hits="1" number="220"/>
						<line hits="1" number="221"/>
					</lines>
				</class>
			</classes>
		</package>
		<package branch-rate="0" complexity="0" line-rate="1" name="provy.more.centos">
			<classes>
				<class branch-rate="0" complexity="0" filename="provy/more/centos/database/__init__.py" line-rate="1" name="provy.more.centos.database">
					<methods/>
					<lines>
						<line hits="1" number="5"/>
						<line hits="1" number="9"/>
						<line hits="1" number="10"/>
					</lines>
				</class>
				<class branch-rate="0" complexity="0" filename="provy/more/centos/messaging/__init__.py" line-rate="1" name="provy.more.centos.messaging">
					<methods/>
					<lines>
						<line hits="1" number="5"/>
						<line hits="1" number="9"/>
					</lines>
				</class>
				<class branch-rate="0" complexity="0" filename="provy/more/centos/networking/__init__.py" line-rate="1" name="provy.more.centos.networking">
					<methods/>
					<lines>
						<line hits="1" number="5"/>
						<line hits="1" number="9"/>
					</lines>
				</class>
				<class branch-rate="0" complexity="0" filename="provy/more/centos/package/__init__.py" line-rate="1" name="provy.more.centos.package">
					<methods/>
					<lines>
						<line hits="1" number="5"/>
						<line hits="1" number="9"/>
						<line hits="1" number="10"/>
					</lines>
				</class>
				<class branch-rate="0" complexity="0" filename="provy/more/centos/users/__init__.py" line-rate="1" name="provy.more.centos.users">
					<methods/>
					<lines>
						<line hits="1" number="5"/>
						<line hits="1" number="9"/>
					</lines>
				</class>
				<class branch-rate="0" complexity="0" filename="provy/more/centos/utils/__init__.py" line-rate="1" name="provy.more.centos.utils">
					<methods/>
					<lines>
						<line hits="1" number="5"/>
						<line hits="1" number="9"/>
					</lines>
				</class>
				<class branch-rate="0" complexity="0" filename="provy/more/centos/vcs/__init__.py" line-rate="1" name="provy.more.centos.vcs">
					<methods/>
					<lines>
						<line hits="1" number="5"/>
						<line hits="1" number="9"/>
					</lines>
				</class>
			</classes>
		</package>
		<package branch-rate="1" complexity="0" line-rate="1" name="provy.more.centos.database">
			<classes>
				<class branch-rate="1" complexity="0" filename="provy/more/centos/database/mysql.py" line-rate="1" name="provy.more.centos.database.mysql">
					<methods/>
					<lines>
						<line hits="1" number="4"/>
						<line hits="1" number="8"/>
						<line hits="1" number="10"/>
						<line hits="1" number="11"/>
						<line hits="1" number="14"/>
						<line hits="1" number="32"/>
						<line hits="1" number="33"/>
						<line hits="1" number="34"/>
						<line hits="1" number="35"/>
						<line hits="1" number="37"/>
						<line hits="1" number="49"/>
						<line hits="1" number="51"/>
						<line hits="1" number="53"/>
						<line hits="1" number="54"/>
						<line hits="1" number="55"/>
						<line branch="true" condition-coverage="100% (2/2)" hits="1" number="57"/>
						<line hits="1" number="58"/>
						<line hits="1" number="59"/>
						<line hits="1" number="61"/>
						<line hits="1" number="62"/>
						<line branch="true" condition-coverage="100% (2/2)" hits="1" number="63"/>
						<line hits="1" number="64"/>
						<line hits="1" number="66"/>
						<line hits="1" number="68"/>
						<line hits="1" number="69"/>
						<line branch="true" condition-coverage="100% (2/2)" hits="1" number="70"/>
						<line hits="1" number="71"/>
						<line hits="1" number="73"/>
						<line hits="1" number="74"/>
						<line hits="1" number="76"/>
						<line hits="1" number="78"/>
						<line hits="1" number="79"/>
						<line hits="1" number="80"/>
						<line hits="1" number="81"/>
						<line branch="true" condition-coverage="100% (2/2)" hits="1" number="82"/>
						<line branch="true" condition-coverage="100% (2/2)" hits="1" number="83"/>
						<line hits="1" number="84"/>
						<line branch="true" condition-coverage="100% (2/2)" hits="1" number="85"/>
						<line branch="true" condition-coverage="100% (2/2)" hits="1" number="86"/>
						<line hits="1" number="87"/>
						<line hits="1" number="88"/>
						<line hits="1" number="92"/>
						<line hits="1" number="93"/>
						<line branch="true" condition-coverage="100% (2/2)" hits="1" number="94"/>
						<line hits="1" number="95"/>
						<line hits="1" number="97"/>
						<line hits="1" number="99"/>
						<line hits="1" number="117"/>
						<line hits="1" number="118"/>
						<line branch="true" condition-coverage="100% (2/2)" hits="1" number="119"/>
						<line branch="true" condition-coverage="100% (2/2)" hits="1" number="120"/>
						<line hits="1" number="121"/>
						<line hits="1" number="123"/>
						<line hits="1" number="125"/>
						<line hits="1" number="145"/>
						<line hits="1" number="147"/>
						<line branch="true" condition-coverage="100% (2/2)" hits="1" number="168"/>
						<line hits="1" number="169"/>
						<line hits="1" number="170"/>
						<line hits="1" number="171"/>
						<line hits="1" number="173"/>
						<line hits="1" number="175"/>
						<line hits="1" number="193"/>
						<line hits="1" number="194"/>
						<line branch="true" condition-coverage="100% (2/2)" hits="1" number="195"/>
						<line branch="true" condition-coverage="100% (2/2)" hits="1" number="196"/>
						<line branch="true" condition-coverage="100% (2/2)" hits="1" number="197"/>
						<line hits="1" number="198"/>
						<line hits="1" number="200"/>
						<line hits="1" number="202"/>
						<line branch="true" condition-coverage="100% (2/2)" hits="1" number="219"/>
						<line hits="1" number="220"/>
						<line hits="1" number="221"/>
						<line hits="1" number="222"/>
						<line hits="1" number="223"/>
						<line hits="1" number="225"/>
						<line hits="1" number="245"/>
						<line hits="1" number="246"/>
						<line branch="true" condition-coverage="100% (2/2)" hits="1" number="247"/>
						<line branch="true" condition-coverage="100% (2/2)" hits="1" number="248"/>
						<line hits="1" number="249"/>
						<line hits="1" number="251"/>
						<line hits="1" number="253"/>
						<line hits="1" number="284"/>
						<line hits="1" number="285"/>
						<line hits="1" number="286"/>
						<line hits="1" number="287"/>
						<line branch="true" condition-coverage="100% (2/2)" hits="1" number="289"/>
						<line branch="true" condition-coverage="100% (2/2)" hits="1" number="290"/>
						<line hits="1" number="291"/>
						<line hits="1" number="293"/>
						<line hits="1" number="295"/>
						<line hits="1" number="296"/>
						<line branch="true" condition-coverage="100% (2/2)" hits="1" number="297"/>
						<line hits="1" number="298"/>
						<line hits="1" number="299"/>
						<line hits="1" number="301"/>
						<line hits="1" number="302"/>
						<line branch="true" condition-coverage="100% (2/2)" hits="1" number="303"/>
						<line hits="1" number="304"/>
						<line hits="1" number="305"/>
						<line hits="1" number="307"/>
						<line hits="1" number="309"/>
						<line hits="1" number="314"/>
						<line hits="1" number="316"/>
						<line hits="1" number="318"/>
						<line branch="true" condition-coverage="100% (2/2)" hits="1" number="348"/>
						<line hits="1" number="349"/>
						<line hits="1" number="351"/>
						<line branch="true" condition-coverage="100% (2/2)" hits="1" number="352"/>
						<line hits="1" number="353"/>
						<line branch="true" condition-coverage="100% (2/2)" hits="1" number="355"/>
						<line hits="1" number="356"/>
						<line hits="1" number="358"/>
						<line hits="1" number="359"/>
						<line hits="1" number="360"/>
						<line hits="1" number="362"/>
					</lines>
				</class>
				<class branch-rate="1" complexity="0" filename="provy/more/centos/database/postgresql.py" line-rate="1" name="provy.more.centos.database.postgresql">
					<methods/>
					<lines>
						<line hits="1" number="4"/>
						<line hits="1" number="7"/>
						<line hits="1" number="9"/>
						<line hits="1" number="11"/>
						<line hits="1" number="12"/>
						<line hits="1" number="15"/>
						<line hits="1" number="33"/>
						<line hits="1" number="45"/>
						<line hits="1" number="46"/>
						<line hits="1" number="47"/>
						<line hits="1" number="49"/>
						<line hits="1" number="50"/>
						<line hits="1" number="51"/>
						<line hits="1" number="53"/>
						<line hits="1" number="54"/>
						<line hits="1" number="55"/>
						<line hits="1" number="57"/>
						<line hits="1" number="58"/>
						<line hits="1" number="59"/>
						<line hits="1" number="61"/>
						<line branch="true" condition-coverage="100% (2/2)" hits="1" number="62"/>
						<line hits="1" number="63"/>
						<line hits="1" number="64"/>
						<line hits="1" number="66"/>
						<line hits="1" number="67"/>
						<line hits="1" number="68"/>
						<line hits="1" number="69"/>
						<line hits="1" number="71"/>
						<line branch="true" condition-coverage="100% (2/2)" hits="1" number="72"/>
						<line hits="1" number="73"/>
						<line hits="1" number="74"/>
						<line hits="1" number="76"/>
						<line hits="1" number="77"/>
						<line hits="1" number="78"/>
						<line hits="1" number="80"/>
						<line branch="true" condition-coverage="100% (2/2)" hits="1" number="81"/>
						<line hits="1" number="82"/>
						<line hits="1" number="83"/>
						<line hits="1" number="84"/>
						<line hits="1" number="85"/>
					</lines>
				</class>
			</classes>
		</package>
		<package branch-rate="1" complexity="0" line-rate="1" name="provy.more.centos.messaging">
			<classes>
				<class branch-rate="1" complexity="0" filename="provy/more/centos/messaging/rabbitmq.py" line-rate="1" name="provy.more.centos.messaging.rabbitmq">
					<methods/>
					<lines>
						<line hits="1" number="4"/>
						<line hits="1" number="8"/>
						<line hits="1" number="9"/>
						<line hits="1" number="11"/>
						<line hits="1" number="14"/>
						<line hits="1" number="19"/>
						<line hits="1" number="57"/>
						<line hits="1" number="72"/>
						<line hits="1" number="73"/>
						<line hits="1" number="74"/>
						<line hits="1" number="77"/>
						<line hits="1" number="79"/>
						<line branch="true" condition-coverage="100% (2/2)" hits="1" number="82"/>
						<line hits="1" number="83"/>
						<line branch="true" condition-coverage="100% (2/2)" hits="1" number="87"/>
						<line hits="1" number="88"/>
						<line hits="1" number="90"/>
						<line hits="1" number="108"/>
						<line hits="1" number="109"/>
						<line hits="1" number="110"/>
						<line hits="1" number="112"/>
						<line hits="1" number="130"/>
						<line hits="1" number="131"/>
						<line hits="1" number="132"/>
						<line hits="1" number="134"/>
						<line branch="true" condition-coverage="100% (2/2)" hits="1" number="154"/>
						<line hits="1" number="155"/>
						<line hits="1" number="157"/>
						<line hits="1" number="158"/>
						<line branch="true" condition-coverage="100% (2/2)" hits="1" number="160"/>
						<line hits="1" number="161"/>
						<line hits="1" number="162"/>
						<line hits="1" number="164"/>
						<line hits="1" number="165"/>
						<line hits="1" number="167"/>
						<line hits="1" number="169"/>
						<line branch="true" condition-coverage="100% (2/2)" hits="1" number="184"/>
						<line hits="1" number="185"/>
						<line hits="1" number="187"/>
						<line hits="1" number="188"/>
						<line hits="1" number="190"/>
						<line hits="1" number="192"/>
						<line branch="true" condition-coverage="100% (2/2)" hits="1" number="210"/>
						<line hits="1" number="211"/>
						<line hits="1" number="213"/>
						<line hits="1" number="215"/>
						<line hits="1" number="216"/>
						<line hits="1" number="217"/>
						<line hits="1" number="219"/>
						<line branch="true" condition-coverage="100% (2/2)" hits="1" number="245"/>
						<line hits="1" number="246"/>
						<line hits="1" number="247"/>
						<line hits="1" number="248"/>
						<line branch="true" condition-coverage="100% (2/2)" hits="1" number="250"/>
						<line hits="1" number="251"/>
						<line hits="1" number="252"/>
						<line hits="1" number="254"/>
						<line hits="1" number="255"/>
						<line hits="1" number="256"/>
						<line hits="1" number="258"/>
						<line hits="1" number="259"/>
						<line hits="1" number="260"/>
						<line hits="1" number="262"/>
					</lines>
				</class>
			</classes>
		</package>
		<package branch-rate="0" complexity="0" line-rate="1" name="provy.more.centos.networking">
			<classes>
				<class branch-rate="0" complexity="0" filename="provy/more/centos/networking/hosts.py" line-rate="1" name="provy.more.centos.networking.hosts">
					<methods/>
					<lines>
						<line hits="1" number="4"/>
						<line hits="1" number="8"/>
						<line hits="1" number="11"/>
					</lines>
				</class>
			</classes>
		</package>
		<package branch-rate="1" complexity="0" line-rate="1" name="provy.more.centos.package">
			<classes>
				<class branch-rate="1" complexity="0" filename="provy/more/centos/package/pip.py" line-rate="1" name="provy.more.centos.package.pip">
					<methods/>
					<lines>
						<line hits="1" number="4"/>
						<line hits="1" number="8"/>
						<line hits="1" number="10"/>
						<line hits="1" number="12"/>
						<line hits="1" number="13"/>
						<line hits="1" number="16"/>
						<line hits="1" number="32"/>
						<line hits="1" number="33"/>
						<line hits="1" number="35"/>
						<line hits="1" number="47"/>
						<line hits="1" number="48"/>
						<line hits="1" number="49"/>
						<line hits="1" number="50"/>
						<line hits="1" number="51"/>
						<line hits="1" number="52"/>
						<line hits="1" number="54"/>
						<line hits="1" number="55"/>
						<line hits="1" number="56"/>
						<line hits="1" number="57"/>
						<line branch="true" condition-coverage="100% (2/2)" hits="1" number="61"/>
						<line hits="1" number="62"/>
						<line hits="1" number="63"/>
						<line branch="true" condition-coverage="100% (2/2)" hits="1" number="64"/>
						<line hits="1" number="65"/>
						<line branch="true" condition-coverage="100% (2/2)" hits="1" number="66"/>
						<line hits="1" number="67"/>
						<line branch="true" condition-coverage="100% (2/2)" hits="1" number="69"/>
						<line hits="1" number="70"/>
						<line hits="1" number="71"/>
						<line hits="1" number="72"/>
						<line hits="1" number="73"/>
						<line hits="1" number="75"/>
						<line hits="1" number="77"/>
						<line hits="1" number="97"/>
						<line hits="1" number="98"/>
						<line branch="true" condition-coverage="100% (2/2)" hits="1" number="99"/>
						<line hits="1" number="100"/>
						<line hits="1" number="101"/>
						<line branch="true" condition-coverage="100% (2/2)" hits="1" number="102"/>
						<line hits="1" number="103"/>
						<line branch="true" condition-coverage="100% (2/2)" hits="1" number="104"/>
						<line branch="true" condition-coverage="100% (2/2)" hits="1" number="105"/>
						<line branch="true" condition-coverage="100% (2/2)" hits="1" number="106"/>
						<line hits="1" number="107"/>
						<line branch="true" condition-coverage="100% (2/2)" hits="1" number="108"/>
						<line hits="1" number="109"/>
						<line hits="1" number="110"/>
						<line hits="1" number="112"/>
						<line hits="1" number="131"/>
						<line hits="1" number="132"/>
						<line branch="true" condition-coverage="100% (2/2)" hits="1" number="133"/>
						<line hits="1" number="134"/>
						<line hits="1" number="135"/>
						<line hits="1" number="137"/>
						<line hits="1" number="139"/>
						<line hits="1" number="160"/>
						<line hits="1" number="161"/>
						<line branch="true" condition-coverage="100% (2/2)" hits="1" number="162"/>
						<line hits="1" number="164"/>
						<line branch="true" condition-coverage="100% (2/2)" hits="1" number="166"/>
						<line hits="1" number="167"/>
						<line hits="1" number="169"/>
						<line hits="1" number="171"/>
						<line hits="1" number="190"/>
						<line hits="1" number="191"/>
						<line hits="1" number="193"/>
						<line hits="1" number="195"/>
						<line branch="true" condition-coverage="100% (2/2)" hits="1" number="215"/>
						<line hits="1" number="216"/>
						<line hits="1" number="217"/>
						<line hits="1" number="218"/>
						<line branch="true" condition-coverage="100% (2/2)" hits="1" number="219"/>
						<line hits="1" number="220"/>
						<line hits="1" number="221"/>
						<line hits="1" number="222"/>
						<line hits="1" number="223"/>
						<line branch="true" condition-coverage="100% (2/2)" hits="1" number="224"/>
						<line hits="1" number="225"/>
						<line hits="1" number="226"/>
						<line hits="1" number="227"/>
						<line hits="1" number="228"/>
						<line hits="1" number="230"/>
						<line hits="1" number="232"/>
						<line hits="1" number="248"/>
						<line branch="true" condition-coverage="100% (2/2)" hits="1" number="249"/>
						<line hits="1" number="250"/>
						<line hits="1" number="252"/>
						<line hits="1" number="268"/>
						<line branch="true" condition-coverage="100% (2/2)" hits="1" number="270"/>
						<line hits="1" number="271"/>
						<line hits="1" number="272"/>
						<line hits="1" number="273"/>
						<line hits="1" number="274"/>
						<line branch="true" condition-coverage="100% (2/2)" hits="1" number="275"/>
						<line hits="1" number="276"/>
						<line hits="1" number="277"/>
						<line hits="1" number="279"/>
						<line hits="1" number="280"/>
						<line hits="1" number="282"/>
						<line hits="1" number="300"/>
						<line hits="1" number="301"/>
						<line hits="1" number="303"/>
						<line hits="1" number="320"/>
						<line hits="1" number="321"/>
					</lines>
				</class>
				<class branch-rate="1" complexity="0" filename="provy/more/centos/package/yum.py" line-rate="1" name="provy.more.centos.package.yum">
					<methods/>
					<lines>
						<line hits="1" number="4"/>
						<line hits="1" number="8"/>
						<line hits="1" number="9"/>
						<line hits="1" number="11"/>
						<line hits="1" number="14"/>
						<line hits="1" number="30"/>
						<line hits="1" number="31"/>
						<line hits="1" number="33"/>
						<line hits="1" number="47"/>
						<line hits="1" number="48"/>
						<line hits="1" number="50"/>
						<line hits="1" number="68"/>
						<line hits="1" number="69"/>
						<line hits="1" number="71"/>
						<line hits="1" number="93"/>
						<line hits="1" number="95"/>
						<line branch="true" condition-coverage="100% (2/2)" hits="1" number="116"/>
						<line hits="1" number="117"/>
						<line hits="1" number="119"/>
						<line hits="1" number="120"/>
						<line hits="1" number="121"/>
						<line hits="1" number="122"/>
						<line hits="1" number="124"/>
						<line hits="1" number="140"/>
						<line hits="1" number="142"/>
						<line hits="1" number="158"/>
						<line hits="1" number="160"/>
						<line branch="true" condition-coverage="100% (2/2)" hits="1" number="175"/>
						<line hits="1" number="176"/>
						<line hits="1" number="178"/>
						<line hits="1" number="179"/>
						<line hits="1" number="181"/>
						<line hits="1" number="197"/>
						<line branch="true" condition-coverage="100% (2/2)" hits="1" number="198"/>
						<line hits="1" number="199"/>
						<line hits="1" number="201"/>
						<line hits="1" number="216"/>
						<line hits="1" number="217"/>
						<line hits="1" number="218"/>
						<line hits="1" number="219"/>
						<line hits="1" number="220"/>
						<line hits="1" number="222"/>
						<line hits="1" number="244"/>
						<line hits="1" number="247"/>
						<line hits="1" number="249"/>
						<line branch="true" condition-coverage="100% (2/2)" hits="1" number="270"/>
						<line hits="1" number="271"/>
						<line hits="1" number="272"/>
						<line hits="1" number="273"/>
						<line hits="1" number="274"/>
						<line hits="1" number="275"/>
						<line hits="1" number="276"/>
						<line hits="1" number="278"/>
						<line branch="true" condition-coverage="100% (2/2)" hits="1" number="279"/>
						<line hits="1" number="280"/>
						<line hits="1" number="282"/>
						<line hits="1" number="302"/>
						<line hits="1" number="303"/>
						<line hits="1" number="304"/>
						<line hits="1" number="305"/>
						<line hits="1" number="308"/>
					</lines>
				</class>
			</classes>
		</package>
		<package branch-rate="1" complexity="0" line-rate="1" name="provy.more.centos.users">
			<classes>
				<class branch-rate="1" complexity="0" filename="provy/more/centos/users/user.py" line-rate="1" name="provy.more.centos.users.user">
					<methods/>
					<lines>
						<line hits="1" number="4"/>
						<line hits="1" number="6"/>
						<line hits="1" number="9"/>
						<line hits="1" number="25"/>
						<line hits="1" number="43"/>
						<line hits="1" number="44"/>
						<line hits="1" number="46"/>
						<line hits="1" number="47"/>
						<line hits="1" number="48"/>
						<line hits="1" number="49"/>
						<line hits="1" number="51"/>
						<line hits="1" number="69"/>
						<line hits="1" number="70"/>
						<line hits="1" number="72"/>
						<line hits="1" number="95"/>
						<line branch="true" condition-coverage="100% (2/2)" hits="1" number="96"/>
						<line hits="1" number="97"/>
						<line hits="1" number="98"/>
						<line hits="1" number="99"/>
						<line hits="1" number="100"/>
						<line hits="1" number="102"/>
						<line branch="true" condition-coverage="100% (2/2)" hits="1" number="122"/>
						<line hits="1" number="123"/>
						<line branch="true" condition-coverage="100% (2/2)" hits="1" number="124"/>
						<line hits="1" number="125"/>
						<line hits="1" number="127"/>
						<line hits="1" number="128"/>
						<line hits="1" number="130"/>
						<line branch="true" condition-coverage="100% (2/2)" hits="1" number="131"/>
						<line branch="true" condition-coverage="100% (2/2)" hits="1" number="132"/>
						<line hits="1" number="133"/>
						<line hits="1" number="134"/>
						<line hits="1" number="135"/>
						<line hits="1" number="137"/>
						<line hits="1" number="168"/>
						<line hits="1" number="169"/>
						<line branch="true" condition-coverage="100% (2/2)" hits="1" number="171"/>
						<line hits="1" number="172"/>
						<line branch="true" condition-coverage="100% (2/2)" hits="1" number="173"/>
						<line hits="1" number="174"/>
						<line hits="1" number="176"/>
						<line branch="true" condition-coverage="100% (2/2)" hits="1" number="178"/>
						<line hits="1" number="179"/>
						<line hits="1" number="181"/>
						<line hits="1" number="183"/>
						<line hits="1" number="184"/>
						<line hits="1" number="185"/>
						<line hits="1" number="186"/>
						<line hits="1" number="188"/>
						<line hits="1" number="189"/>
						<line hits="1" number="190"/>
						<line hits="1" number="191"/>
						<line hits="1" number="192"/>
						<line hits="1" number="193"/>
						<line hits="1" number="194"/>
						<line hits="1" number="202"/>
						<line hits="1" number="204"/>
						<line branch="true" condition-coverage="100% (2/2)" hits="1" number="206"/>
						<line hits="1" number="207"/>
						<line branch="true" condition-coverage="100% (2/2)" hits="1" number="208"/>
						<line hits="1" number="209"/>
						<line hits="1" number="211"/>
						<line hits="1" number="212"/>
					</lines>
				</class>
			</classes>
		</package>
		<package branch-rate="1" complexity="0" line-rate="1" name="provy.more.centos.utils">
			<classes>
				<class branch-rate="1" complexity="0" filename="provy/more/centos/utils/hostname.py" line-rate="1" name="provy.more.centos.utils.hostname">
					<methods/>
					<lines>
						<line hits="1" number="4"/>
						<line hits="1" number="7"/>
						<line hits="1" number="8"/>
						<line hits="1" number="10"/>
						<line hits="1" number="13"/>
						<line hits="1" number="14"/>
						<line branch="true" condition-coverage="100% (2/2)" hits="1" number="31"/>
						<line hits="1" number="32"/>
						<line hits="1" number="34"/>
						<line hits="1" number="36"/>
						<line hits="1" number="37"/>
						<line hits="1" number="39"/>
						<line branch="true" condition-coverage="100% (2/2)" hits="1" number="41"/>
						<line hits="1" number="42"/>
						<line hits="1" number="44"/>
						<line hits="1" number="45"/>
						<line hits="1" number="47"/>
						<line hits="1" number="50"/>
						<line hits="1" number="51"/>
					</lines>
				</class>
			</classes>
		</package>
		<package branch-rate="1" complexity="0" line-rate="1" name="provy.more.centos.vcs">
			<classes>
				<class branch-rate="1" complexity="0" filename="provy/more/centos/vcs/git.py" line-rate="1" name="provy.more.centos.vcs.git">
					<methods/>
					<lines>
						<line hits="1" number="4"/>
						<line hits="1" number="8"/>
						<line hits="1" number="9"/>
						<line hits="1" number="12"/>
						<line hits="1" number="29"/>
						<line hits="1" number="41"/>
						<line hits="1" number="42"/>
						<line hits="1" number="43"/>
						<line hits="1" number="45"/>
						<line hits="1" number="73"/>
						<line hits="1" number="74"/>
						<line hits="1" number="75"/>
						<line hits="1" number="77"/>
						<line branch="true" condition-coverage="100% (2/2)" hits="1" number="78"/>
						<line hits="1" number="79"/>
						<line hits="1" number="81"/>
						<line hits="1" number="82"/>
						<line branch="true" condition-coverage="100% (3/3)" hits="1" number="83"/>
						<line hits="1" number="85"/>
						<line hits="1" number="86"/>
						<line hits="1" number="87"/>
						<line hits="1" number="89"/>
						<line branch="true" condition-coverage="100% (2/2)" hits="1" number="90"/>
						<line hits="1" number="91"/>
						<line hits="1" number="92"/>
						<line hits="1" number="93"/>
					</lines>
				</class>
			</classes>
		</package>
		<package branch-rate="0" complexity="0" line-rate="1" name="provy.more.debian">
			<classes>
				<class branch-rate="0" complexity="0" filename="provy/more/debian/cache/__init__.py" line-rate="1" name="provy.more.debian.cache">
					<methods/>
					<lines>
						<line hits="1" number="5"/>
						<line hits="1" number="9"/>
						<line hits="1" number="10"/>
					</lines>
				</class>
				<class branch-rate="0" complexity="0" filename="provy/more/debian/database/__init__.py" line-rate="1" name="provy.more.debian.database">
					<methods/>
					<lines>
						<line hits="1" number="5"/>
						<line hits="1" number="9"/>
						<line hits="1" number="10"/>
						<line hits="1" number="11"/>
						<line hits="1" number="12"/>
					</lines>
				</class>
				<class branch-rate="0" complexity="0" filename="provy/more/debian/messaging/__init__.py" line-rate="1" name="provy.more.debian.messaging">
					<methods/>
					<lines>
						<line hits="1" number="5"/>
						<line hits="1" number="9"/>
					</lines>
				</class>
				<class branch-rate="0" complexity="0" filename="provy/more/debian/monitoring/__init__.py" line-rate="1" name="provy.more.debian.monitoring">
					<methods/>
					<lines>
						<line hits="1" number="5"/>
						<line hits="1" number="9"/>
					</lines>
				</class>
				<class branch-rate="0" complexity="0" filename="provy/more/debian/networking/__init__.py" line-rate="1" name="provy.more.debian.networking">
					<methods/>
					<lines>
						<line hits="1" number="5"/>
						<line hits="1" number="9"/>
					</lines>
				</class>
				<class branch-rate="0" complexity="0" filename="provy/more/debian/package/__init__.py" line-rate="1" name="provy.more.debian.package">
					<methods/>
					<lines>
						<line hits="1" number="5"/>
						<line hits="1" number="9"/>
						<line hits="1" number="10"/>
						<line hits="1" number="11"/>
						<line hits="1" number="12"/>
					</lines>
				</class>
				<class branch-rate="0" complexity="0" filename="provy/more/debian/programming/__init__.py" line-rate="1" name="provy.more.debian.programming">
					<methods/>
					<lines>
						<line hits="1" number="5"/>
						<line hits="1" number="8"/>
						<line hits="1" number="9"/>
						<line hits="1" number="10"/>
					</lines>
				</class>
				<class branch-rate="0" complexity="0" filename="provy/more/debian/security/__init__.py" line-rate="1" name="provy.more.debian.security">
					<methods/>
					<lines>
						<line hits="1" number="5"/>
						<line hits="1" number="9"/>
						<line hits="1" number="10"/>
						<line hits="1" number="11"/>
						<line hits="1" number="12"/>
					</lines>
				</class>
				<class branch-rate="0" complexity="0" filename="provy/more/debian/users/__init__.py" line-rate="1" name="provy.more.debian.users">
					<methods/>
					<lines>
						<line hits="1" number="5"/>
						<line hits="1" number="9"/>
						<line hits="1" number="10"/>
					</lines>
				</class>
				<class branch-rate="0" complexity="0" filename="provy/more/debian/vcs/__init__.py" line-rate="1" name="provy.more.debian.vcs">
					<methods/>
					<lines>
						<line hits="1" number="5"/>
						<line hits="1" number="9"/>
					</lines>
				</class>
				<class branch-rate="0" complexity="0" filename="provy/more/debian/web/__init__.py" line-rate="1" name="provy.more.debian.web">
					<methods/>
					<lines>
						<line hits="1" number="5"/>
						<line hits="1" number="9"/>
						<line hits="1" number="10"/>
						<line hits="1" number="11"/>
						<line hits="1" number="12"/>
						<line hits="1" number="13"/>
					</lines>
				</class>
			</classes>
		</package>
		<package branch-rate="1" complexity="0" line-rate="1" name="provy.more.debian.cache">
			<classes>
				<class branch-rate="1" complexity="0" filename="provy/more/debian/cache/memcached.py" line-rate="1" name="provy.more.debian.cache.memcached">
					<methods/>
					<lines>
						<line hits="1" number="4"/>
						<line hits="1" number="8"/>
						<line hits="1" number="9"/>
						<line hits="1" number="12"/>
						<line hits="1" number="28"/>
						<line hits="1" number="44"/>
						<line hits="1" number="46"/>
						<line hits="1" number="47"/>
						<line hits="1" number="48"/>
						<line hits="1" number="50"/>
						<line branch="true" condition-coverage="100% (2/2)" hits="1" number="106"/>
						<line hits="1" number="107"/>
						<line hits="1" number="109"/>
						<line hits="1" number="122"/>
						<line branch="true" condition-coverage="100% (2/2)" hits="1" number="123"/>
						<line hits="1" number="124"/>
						<line hits="1" number="125"/>
						<line hits="1" number="127"/>
						<line hits="1" number="142"/>
						<line branch="true" condition-coverage="100% (2/2)" hits="1" number="143"/>
						<line hits="1" number="144"/>
						<line hits="1" number="146"/>
						<line hits="1" number="161"/>
						<line hits="1" number="163"/>
						<line hits="1" number="179"/>
						<line hits="1" number="180"/>
					</lines>
				</class>
				<class branch-rate="1" complexity="0" filename="provy/more/debian/cache/varnish.py" line-rate="1" name="provy.more.debian.cache.varnish">
					<methods/>
					<lines>
						<line hits="1" number="4"/>
						<line hits="1" number="8"/>
						<line hits="1" number="9"/>
						<line hits="1" number="12"/>
						<line hits="1" number="29"/>
						<line hits="1" number="45"/>
						<line hits="1" number="46"/>
						<line hits="1" number="48"/>
						<line hits="1" number="73"/>
						<line branch="true" condition-coverage="100% (2/2)" hits="1" number="74"/>
						<line hits="1" number="75"/>
						<line hits="1" number="76"/>
						<line hits="1" number="78"/>
						<line hits="1" number="103"/>
						<line branch="true" condition-coverage="100% (2/2)" hits="1" number="104"/>
						<line hits="1" number="105"/>
						<line hits="1" number="106"/>
						<line hits="1" number="108"/>
						<line hits="1" number="123"/>
						<line branch="true" condition-coverage="100% (2/2)" hits="1" number="124"/>
						<line hits="1" number="125"/>
						<line hits="1" number="127"/>
						<line hits="1" number="142"/>
						<line hits="1" number="144"/>
						<line hits="1" number="160"/>
						<line hits="1" number="161"/>
					</lines>
				</class>
			</classes>
		</package>
		<package branch-rate="1" complexity="0" line-rate="1" name="provy.more.debian.database">
			<classes>
				<class branch-rate="1" complexity="0" filename="provy/more/debian/database/mongodb.py" line-rate="1" name="provy.more.debian.database.mongodb">
					<methods/>
					<lines>
						<line hits="1" number="4"/>
						<line hits="1" number="8"/>
						<line hits="1" number="10"/>
						<line hits="1" number="12"/>
						<line hits="1" number="13"/>
						<line hits="1" number="16"/>
						<line hits="1" number="31"/>
						<line hits="1" number="46"/>
						<line hits="1" number="48"/>
						<line branch="true" condition-coverage="100% (2/2)" hits="1" number="50"/>
						<line hits="1" number="51"/>
						<line hits="1" number="53"/>
						<line hits="1" number="55"/>
						<line hits="1" number="57"/>
						<line hits="1" number="73"/>
						<line hits="1" number="74"/>
						<line hits="1" number="76"/>
						<line hits="1" number="92"/>
						<line hits="1" number="93"/>
						<line hits="1" number="95"/>
						<line hits="1" number="96"/>
						<line hits="1" number="97"/>
						<line hits="1" number="98"/>
						<line hits="1" number="99"/>
						<line hits="1" number="100"/>
						<line hits="1" number="102"/>
						<line hits="1" number="117"/>
						<line hits="1" number="119"/>
						<line hits="1" number="149"/>
						<line hits="1" number="151"/>
						<line hits="1" number="152"/>
						<line hits="1" number="153"/>
						<line hits="1" number="155"/>
						<line hits="1" number="157"/>
						<line hits="1" number="159"/>
						<line hits="1" number="160"/>
						<line hits="1" number="161"/>
						<line hits="1" number="162"/>
						<line hits="1" number="164"/>
						<line hits="1" number="166"/>
						<line hits="1" number="167"/>
						<line hits="1" number="168"/>
						<line hits="1" number="169"/>
						<line hits="1" number="171"/>
						<line branch="true" condition-coverage="100% (2/2)" hits="1" number="173"/>
						<line branch="true" condition-coverage="100% (2/2)" hits="1" number="174"/>
						<line hits="1" number="175"/>
						<line hits="1" number="176"/>
					</lines>
				</class>
				<class branch-rate="1" complexity="0" filename="provy/more/debian/database/mysql.py" line-rate="1" name="provy.more.debian.database.mysql">
					<methods/>
					<lines>
						<line hits="1" number="4"/>
						<line hits="1" number="8"/>
						<line hits="1" number="10"/>
						<line hits="1" number="11"/>
						<line hits="1" number="14"/>
						<line hits="1" number="32"/>
						<line hits="1" number="33"/>
						<line hits="1" number="34"/>
						<line hits="1" number="35"/>
						<line hits="1" number="37"/>
						<line hits="1" number="49"/>
						<line hits="1" number="50"/>
						<line hits="1" number="53"/>
						<line hits="1" number="56"/>
						<line hits="1" number="57"/>
						<line hits="1" number="58"/>
						<line branch="true" condition-coverage="100% (2/2)" hits="1" number="60"/>
						<line hits="1" number="61"/>
						<line hits="1" number="62"/>
						<line hits="1" number="64"/>
						<line hits="1" number="65"/>
						<line branch="true" condition-coverage="100% (2/2)" hits="1" number="66"/>
						<line hits="1" number="67"/>
						<line hits="1" number="69"/>
						<line hits="1" number="71"/>
						<line hits="1" number="72"/>
						<line branch="true" condition-coverage="100% (2/2)" hits="1" number="73"/>
						<line hits="1" number="74"/>
						<line hits="1" number="76"/>
						<line hits="1" number="77"/>
						<line hits="1" number="79"/>
						<line hits="1" number="81"/>
						<line hits="1" number="82"/>
						<line hits="1" number="83"/>
						<line hits="1" number="84"/>
						<line branch="true" condition-coverage="100% (2/2)" hits="1" number="85"/>
						<line branch="true" condition-coverage="100% (2/2)" hits="1" number="86"/>
						<line hits="1" number="87"/>
						<line branch="true" condition-coverage="100% (2/2)" hits="1" number="88"/>
						<line branch="true" condition-coverage="100% (2/2)" hits="1" number="89"/>
						<line hits="1" number="90"/>
						<line hits="1" number="91"/>
						<line hits="1" number="95"/>
						<line hits="1" number="96"/>
						<line branch="true" condition-coverage="100% (2/2)" hits="1" number="97"/>
						<line hits="1" number="98"/>
						<line hits="1" number="100"/>
						<line hits="1" number="102"/>
						<line hits="1" number="120"/>
						<line hits="1" number="121"/>
						<line branch="true" condition-coverage="100% (2/2)" hits="1" number="122"/>
						<line branch="true" condition-coverage="100% (2/2)" hits="1" number="123"/>
						<line hits="1" number="124"/>
						<line hits="1" number="126"/>
						<line hits="1" number="128"/>
						<line hits="1" number="148"/>
						<line hits="1" number="150"/>
						<line branch="true" condition-coverage="100% (2/2)" hits="1" number="171"/>
						<line hits="1" number="172"/>
						<line hits="1" number="173"/>
						<line hits="1" number="174"/>
						<line hits="1" number="176"/>
						<line hits="1" number="178"/>
						<line hits="1" number="196"/>
						<line hits="1" number="197"/>
						<line branch="true" condition-coverage="100% (2/2)" hits="1" number="198"/>
						<line branch="true" condition-coverage="100% (2/2)" hits="1" number="199"/>
						<line branch="true" condition-coverage="100% (2/2)" hits="1" number="200"/>
						<line hits="1" number="201"/>
						<line hits="1" number="203"/>
						<line hits="1" number="205"/>
						<line branch="true" condition-coverage="100% (2/2)" hits="1" number="222"/>
						<line hits="1" number="223"/>
						<line hits="1" number="224"/>
						<line hits="1" number="225"/>
						<line hits="1" number="226"/>
						<line hits="1" number="228"/>
						<line hits="1" number="248"/>
						<line hits="1" number="249"/>
						<line branch="true" condition-coverage="100% (2/2)" hits="1" number="250"/>
						<line branch="true" condition-coverage="100% (2/2)" hits="1" number="251"/>
						<line hits="1" number="252"/>
						<line hits="1" number="254"/>
						<line hits="1" number="256"/>
						<line hits="1" number="287"/>
						<line hits="1" number="288"/>
						<line hits="1" number="289"/>
						<line hits="1" number="290"/>
						<line branch="true" condition-coverage="100% (2/2)" hits="1" number="292"/>
						<line branch="true" condition-coverage="100% (2/2)" hits="1" number="293"/>
						<line hits="1" number="294"/>
						<line hits="1" number="296"/>
						<line hits="1" number="298"/>
						<line hits="1" number="299"/>
						<line branch="true" condition-coverage="100% (2/2)" hits="1" number="300"/>
						<line hits="1" number="301"/>
						<line hits="1" number="302"/>
						<line hits="1" number="304"/>
						<line hits="1" number="305"/>
						<line branch="true" condition-coverage="100% (2/2)" hits="1" number="306"/>
						<line hits="1" number="307"/>
						<line hits="1" number="308"/>
						<line hits="1" number="310"/>
						<line hits="1" number="312"/>
						<line hits="1" number="317"/>
						<line hits="1" number="319"/>
						<line hits="1" number="321"/>
						<line branch="true" condition-coverage="100% (2/2)" hits="1" number="351"/>
						<line hits="1" number="352"/>
						<line hits="1" number="354"/>
						<line branch="true" condition-coverage="100% (2/2)" hits="1" number="355"/>
						<line hits="1" number="356"/>
						<line branch="true" condition-coverage="100% (2/2)" hits="1" number="358"/>
						<line hits="1" number="359"/>
						<line hits="1" number="361"/>
						<line hits="1" number="362"/>
						<line hits="1" number="363"/>
						<line hits="1" number="365"/>
					</lines>
				</class>
				<class branch-rate="1" complexity="0" filename="provy/more/debian/database/postgresql.py" line-rate="1" name="provy.more.debian.database.postgresql">
					<methods/>
					<lines>
						<line hits="1" number="4"/>
						<line hits="1" number="8"/>
						<line hits="1" number="9"/>
						<line hits="1" number="12"/>
						<line hits="1" number="30"/>
						<line hits="1" number="42"/>
						<line hits="1" number="43"/>
						<line hits="1" number="44"/>
						<line hits="1" number="46"/>
						<line hits="1" number="47"/>
						<line branch="true" condition-coverage="100% (2/2)" hits="1" number="48"/>
						<line hits="1" number="49"/>
						<line hits="1" number="51"/>
						<line hits="1" number="52"/>
					</lines>
				</class>
				<class branch-rate="0" complexity="0" filename="provy/more/debian/database/redis.py" line-rate="1" name="provy.more.debian.database.redis">
					<methods/>
					<lines>
						<line hits="1" number="4"/>
						<line hits="1" number="8"/>
						<line hits="1" number="9"/>
						<line hits="1" number="12"/>
						<line hits="1" number="27"/>
						<line hits="1" number="39"/>
						<line hits="1" number="40"/>
						<line hits="1" number="41"/>
					</lines>
				</class>
			</classes>
		</package>
		<package branch-rate="1" complexity="0" line-rate="1" name="provy.more.debian.messaging">
			<classes>
				<class branch-rate="1" complexity="0" filename="provy/more/debian/messaging/rabbitmq.py" line-rate="1" name="provy.more.debian.messaging.rabbitmq">
					<methods/>
					<lines>
						<line hits="1" number="4"/>
						<line hits="1" number="8"/>
						<line hits="1" number="9"/>
						<line hits="1" number="11"/>
						<line hits="1" number="14"/>
						<line hits="1" number="19"/>
						<line hits="1" number="57"/>
						<line hits="1" number="72"/>
						<line hits="1" number="73"/>
						<line hits="1" number="74"/>
						<line hits="1" number="77"/>
						<line hits="1" number="79"/>
						<line branch="true" condition-coverage="100% (2/2)" hits="1" number="82"/>
						<line hits="1" number="83"/>
						<line branch="true" condition-coverage="100% (2/2)" hits="1" number="87"/>
						<line hits="1" number="88"/>
						<line hits="1" number="90"/>
						<line hits="1" number="108"/>
						<line hits="1" number="109"/>
						<line hits="1" number="110"/>
						<line hits="1" number="112"/>
						<line hits="1" number="130"/>
						<line hits="1" number="131"/>
						<line hits="1" number="132"/>
						<line hits="1" number="134"/>
						<line branch="true" condition-coverage="100% (2/2)" hits="1" number="154"/>
						<line hits="1" number="155"/>
						<line hits="1" number="157"/>
						<line hits="1" number="158"/>
						<line branch="true" condition-coverage="100% (2/2)" hits="1" number="160"/>
						<line hits="1" number="161"/>
						<line hits="1" number="162"/>
						<line hits="1" number="164"/>
						<line hits="1" number="165"/>
						<line hits="1" number="167"/>
						<line hits="1" number="169"/>
						<line branch="true" condition-coverage="100% (2/2)" hits="1" number="184"/>
						<line hits="1" number="185"/>
						<line hits="1" number="187"/>
						<line hits="1" number="188"/>
						<line hits="1" number="190"/>
						<line hits="1" number="192"/>
						<line branch="true" condition-coverage="100% (2/2)" hits="1" number="210"/>
						<line hits="1" number="211"/>
						<line hits="1" number="213"/>
						<line hits="1" number="215"/>
						<line hits="1" number="216"/>
						<line hits="1" number="217"/>
						<line hits="1" number="219"/>
						<line branch="true" condition-coverage="100% (2/2)" hits="1" number="245"/>
						<line hits="1" number="246"/>
						<line hits="1" number="247"/>
						<line hits="1" number="248"/>
						<line branch="true" condition-coverage="100% (2/2)" hits="1" number="250"/>
						<line hits="1" number="251"/>
						<line hits="1" number="252"/>
						<line hits="1" number="254"/>
						<line hits="1" number="255"/>
						<line hits="1" number="256"/>
						<line hits="1" number="258"/>
						<line hits="1" number="259"/>
						<line hits="1" number="260"/>
						<line hits="1" number="262"/>
					</lines>
				</class>
			</classes>
		</package>
		<package branch-rate="1" complexity="0" line-rate="1" name="provy.more.debian.monitoring">
			<classes>
				<class branch-rate="1" complexity="0" filename="provy/more/debian/monitoring/supervisor.py" line-rate="1" name="provy.more.debian.monitoring.supervisor">
					<methods/>
					<lines>
						<line hits="1" number="4"/>
						<line hits="1" number="8"/>
						<line hits="1" number="10"/>
						<line hits="1" number="11"/>
						<line hits="1" number="13"/>
						<line hits="1" number="14"/>
						<line hits="1" number="15"/>
						<line hits="1" number="16"/>
						<line hits="1" number="19"/>
						<line hits="1" number="25"/>
						<line hits="1" number="26"/>
						<line hits="1" number="27"/>
						<line hits="1" number="28"/>
						<line hits="1" number="29"/>
						<line hits="1" number="31"/>
						<line hits="1" number="32"/>
						<line hits="1" number="33"/>
						<line hits="1" number="34"/>
						<line hits="1" number="36"/>
						<line hits="1" number="37"/>
						<line hits="1" number="38"/>
						<line hits="1" number="39"/>
						<line hits="1" number="41"/>
						<line hits="1" number="42"/>
						<line hits="1" number="43"/>
						<line hits="1" number="45"/>
						<line hits="1" number="47"/>
						<line hits="1" number="48"/>
						<line hits="1" number="50"/>
						<line branch="true" condition-coverage="100% (2/2)" hits="1" number="51"/>
						<line hits="1" number="52"/>
						<line branch="true" condition-coverage="100% (2/2)" hits="1" number="54"/>
						<line hits="1" number="55"/>
						<line hits="1" number="57"/>
						<line branch="true" condition-coverage="100% (2/2)" hits="1" number="58"/>
						<line hits="1" number="59"/>
						<line hits="1" number="60"/>
						<line hits="1" number="62"/>
						<line hits="1" number="81"/>
						<line hits="1" number="108"/>
						<line hits="1" number="123"/>
						<line hits="1" number="125"/>
						<line hits="1" number="126"/>
						<line hits="1" number="127"/>
						<line hits="1" number="129"/>
						<line hits="1" number="148"/>
						<line hits="1" number="149"/>
						<line branch="true" condition-coverage="100% (2/2)" hits="1" number="151"/>
						<line hits="1" number="152"/>
						<line hits="1" number="153"/>
						<line hits="1" number="154"/>
						<line hits="1" number="156"/>
						<line hits="1" number="172"/>
						<line hits="1" number="174"/>
						<line hits="1" number="216"/>
						<line hits="1" number="217"/>
						<line hits="1" number="218"/>
						<line hits="1" number="219"/>
						<line hits="1" number="220"/>
						<line hits="1" number="221"/>
						<line hits="1" number="222"/>
						<line hits="1" number="223"/>
						<line branch="true" condition-coverage="100% (2/2)" hits="1" number="225"/>
						<line hits="1" number="226"/>
						<line branch="true" condition-coverage="100% (2/2)" hits="1" number="227"/>
						<line hits="1" number="228"/>
						<line hits="1" number="230"/>
						<line hits="1" number="240"/>
						<line hits="1" number="242"/>
						<line hits="1" number="264"/>
						<line hits="1" number="266"/>
						<line branch="true" condition-coverage="100% (2/2)" hits="1" number="283"/>
						<line branch="true" condition-coverage="100% (2/2)" hits="1" number="284"/>
						<line hits="1" number="285"/>
						<line hits="1" number="287"/>
						<line hits="1" number="289"/>
						<line hits="1" number="290"/>
						<line branch="true" condition-coverage="100% (2/2)" hits="1" number="292"/>
						<line hits="1" number="293"/>
						<line hits="1" number="295"/>
						<line branch="true" condition-coverage="100% (2/2)" hits="1" number="297"/>
						<line hits="1" number="298"/>
						<line hits="1" number="300"/>
						<line hits="1" number="306"/>
						<line branch="true" condition-coverage="100% (2/2)" hits="1" number="308"/>
						<line hits="1" number="309"/>
						<line hits="1" number="310"/>
						<line branch="true" condition-coverage="100% (2/2)" hits="1" number="312"/>
						<line hits="1" number="313"/>
						<line hits="1" number="315"/>
						<line hits="1" number="322"/>
						<line hits="1" number="324"/>
						<line branch="true" condition-coverage="100% (2/2)" hits="1" number="339"/>
						<line hits="1" number="340"/>
						<line hits="1" number="342"/>
						<line hits="1" number="343"/>
					</lines>
				</class>
			</classes>
		</package>
		<package branch-rate="0" complexity="0" line-rate="1" name="provy.more.debian.networking">
			<classes>
				<class branch-rate="0" complexity="0" filename="provy/more/debian/networking/hosts.py" line-rate="1" name="provy.more.debian.networking.hosts">
					<methods/>
					<lines>
						<line hits="1" number="4"/>
						<line hits="1" number="8"/>
						<line hits="1" number="11"/>
					</lines>
				</class>
			</classes>
		</package>
		<package branch-rate="1" complexity="0" line-rate="1" name="provy.more.debian.package">
			<classes>
				<class branch-rate="1" complexity="0" filename="provy/more/debian/package/aptitude.py" line-rate="1" name="provy.more.debian.package.aptitude">
					<methods/>
					<lines>
						<line hits="1" number="4"/>
						<line hits="1" number="8"/>
						<line hits="1" number="9"/>
						<line hits="1" number="10"/>
						<line hits="1" number="11"/>
						<line hits="1" number="12"/>
						<line hits="1" number="14"/>
						<line hits="1" number="15"/>
						<line hits="1" number="18"/>
						<line hits="1" number="34"/>
						<line hits="1" number="35"/>
						<line hits="1" number="36"/>
						<line hits="1" number="38"/>
						<line branch="true" condition-coverage="100% (2/2)" hits="1" number="53"/>
						<line hits="1" number="54"/>
						<line hits="1" number="56"/>
						<line hits="1" number="57"/>
						<line hits="1" number="59"/>
						<line hits="1" number="77"/>
						<line hits="1" number="78"/>
						<line hits="1" number="80"/>
						<line hits="1" number="102"/>
						<line hits="1" number="103"/>
						<line hits="1" number="105"/>
						<line branch="true" condition-coverage="100% (2/2)" hits="1" number="125"/>
						<line hits="1" number="126"/>
						<line hits="1" number="128"/>
						<line hits="1" number="130"/>
						<line hits="1" number="131"/>
						<line hits="1" number="132"/>
						<line hits="1" number="134"/>
						<line hits="1" number="135"/>
						<line hits="1" number="136"/>
						<line hits="1" number="138"/>
						<line hits="1" number="139"/>
						<line hits="1" number="140"/>
						<line hits="1" number="142"/>
						<line hits="1" number="161"/>
						<line hits="1" number="163"/>
						<line hits="1" number="178"/>
						<line hits="1" number="180"/>
						<line branch="true" condition-coverage="100% (2/2)" hits="1" number="195"/>
						<line hits="1" number="196"/>
						<line hits="1" number="198"/>
						<line hits="1" number="199"/>
						<line hits="1" number="201"/>
						<line hits="1" number="216"/>
						<line branch="true" condition-coverage="100% (2/2)" hits="1" number="217"/>
						<line hits="1" number="218"/>
						<line hits="1" number="220"/>
						<line hits="1" number="235"/>
						<line hits="1" number="236"/>
						<line hits="1" number="237"/>
						<line hits="1" number="238"/>
						<line hits="1" number="239"/>
						<line hits="1" number="241"/>
						<line hits="1" number="262"/>
						<line hits="1" number="263"/>
						<line hits="1" number="265"/>
						<line branch="true" condition-coverage="100% (2/2)" hits="1" number="291"/>
						<line hits="1" number="292"/>
						<line hits="1" number="293"/>
						<line hits="1" number="294"/>
						<line hits="1" number="295"/>
						<line hits="1" number="296"/>
						<line hits="1" number="297"/>
						<line hits="1" number="299"/>
						<line branch="true" condition-coverage="100% (2/2)" hits="1" number="300"/>
						<line hits="1" number="301"/>
						<line hits="1" number="303"/>
						<line hits="1" number="323"/>
						<line hits="1" number="324"/>
						<line hits="1" number="325"/>
						<line hits="1" number="326"/>
						<line hits="1" number="329"/>
					</lines>
				</class>
				<class branch-rate="1" complexity="0" filename="provy/more/debian/package/gem.py" line-rate="1" name="provy.more.debian.package.gem">
					<methods/>
					<lines>
						<line hits="1" number="4"/>
						<line hits="1" number="8"/>
						<line hits="1" number="10"/>
						<line hits="1" number="13"/>
						<line hits="1" number="19"/>
						<line hits="1" number="38"/>
						<line hits="1" number="40"/>
						<line hits="1" number="54"/>
						<line hits="1" number="55"/>
						<line hits="1" number="57"/>
						<line hits="1" number="61"/>
						<line hits="1" number="63"/>
						<line hits="1" number="64"/>
						<line hits="1" number="66"/>
						<line hits="1" number="89"/>
						<line hits="1" number="90"/>
						<line hits="1" number="93"/>
						<line hits="1" number="95"/>
						<line branch="true" condition-coverage="100% (2/2)" hits="1" number="116"/>
						<line hits="1" number="117"/>
						<line hits="1" number="118"/>
						<line hits="1" number="119"/>
						<line hits="1" number="120"/>
						<line hits="1" number="121"/>
						<line hits="1" number="123"/>
					</lines>
				</class>
				<class branch-rate="1" complexity="0" filename="provy/more/debian/package/npm.py" line-rate="1" name="provy.more.debian.package.npm">
					<methods/>
					<lines>
						<line hits="1" number="4"/>
						<line hits="1" number="8"/>
						<line hits="1" number="9"/>
						<line hits="1" number="11"/>
						<line hits="1" number="14"/>
						<line hits="1" number="30"/>
						<line hits="1" number="31"/>
						<line hits="1" number="33"/>
						<line hits="1" number="48"/>
						<line hits="1" number="50"/>
						<line hits="1" number="74"/>
						<line branch="true" condition-coverage="100% (2/2)" hits="1" number="75"/>
						<line hits="1" number="76"/>
						<line hits="1" number="77"/>
						<line hits="1" number="79"/>
						<line branch="true" condition-coverage="100% (2/2)" hits="1" number="106"/>
						<line branch="true" condition-coverage="100% (2/2)" hits="1" number="107"/>
						<line hits="1" number="108"/>
						<line hits="1" number="110"/>
						<line hits="1" number="111"/>
						<line hits="1" number="112"/>
						<line hits="1" number="113"/>
						<line hits="1" number="114"/>
					</lines>
				</class>
[...]
						<line hits="1" number="138"/>
						<line hits="1" number="160"/>
					</lines>
				</class>
			</classes>
		</package>
		<package branch-rate="1" complexity="0" line-rate="1" name="provy.more.debian.users">
			<classes>
				<class branch-rate="1" complexity="0" filename="provy/more/debian/users/passwd_utils.py" line-rate="1" name="provy.more.debian.users.passwd_utils">
					<methods/>
					<lines>
						<line hits="1" number="3"/>
						<line hits="1" number="4"/>
						<line hits="1" number="7"/>
						<line hits="1" number="17"/>
						<line hits="1" number="18"/>
						<line hits="1" number="19"/>
						<line hits="1" number="20"/>
						<line branch="true" condition-coverage="100% (2/2)" hits="1" number="21"/>
						<line hits="1" number="22"/>
						<line hits="1" number="23"/>
						<line hits="1" number="26"/>
						<line hits="1" number="45"/>
						<line branch="true" condition-coverage="100% (2/2)" hits="1" number="47"/>
						<line hits="1" number="48"/>
						<line hits="1" number="50"/>
						<line hits="1" number="52"/>
					</lines>
				</class>
				<class branch-rate="1" complexity="0" filename="provy/more/debian/users/ssh.py" line-rate="1" name="provy.more.debian.users.ssh">
					<methods/>
					<lines>
						<line hits="1" number="4"/>
						<line hits="1" number="8"/>
						<line hits="1" number="10"/>
						<line hits="1" number="12"/>
						<line hits="1" number="15"/>
						<line hits="1" number="31"/>
						<line hits="1" number="54"/>
						<line hits="1" number="55"/>
						<line hits="1" number="56"/>
						<line hits="1" number="57"/>
						<line hits="1" number="59"/>
						<line hits="1" number="60"/>
						<line hits="1" number="62"/>
						<line hits="1" number="64"/>
						<line hits="1" number="65"/>
						<line hits="1" number="66"/>
						<line hits="1" number="67"/>
						<line hits="1" number="68"/>
						<line hits="1" number="70"/>
						<line hits="1" number="71"/>
						<line hits="1" number="73"/>
						<line hits="1" number="74"/>
						<line hits="1" number="75"/>
						<line hits="1" number="76"/>
						<line hits="1" number="77"/>
						<line branch="true" condition-coverage="100% (2/2)" hits="1" number="79"/>
						<line hits="1" number="80"/>
						<line hits="1" number="81"/>
						<line hits="1" number="82"/>
					</lines>
				</class>
				<class branch-rate="1" complexity="0" filename="provy/more/debian/users/user.py" line-rate="1" name="provy.more.debian.users.user">
					<methods/>
					<lines>
						<line hits="1" number="4"/>
						<line hits="1" number="7"/>
						<line hits="1" number="9"/>
						<line hits="1" number="12"/>
						<line hits="1" number="28"/>
						<line hits="1" number="46"/>
						<line hits="1" number="47"/>
						<line hits="1" number="49"/>
						<line hits="1" number="50"/>
						<line hits="1" number="51"/>
						<line hits="1" number="52"/>
						<line hits="1" number="54"/>
						<line hits="1" number="72"/>
						<line hits="1" number="73"/>
						<line hits="1" number="75"/>
						<line hits="1" number="98"/>
						<line branch="true" condition-coverage="100% (2/2)" hits="1" number="99"/>
						<line hits="1" number="100"/>
						<line hits="1" number="101"/>
						<line hits="1" number="102"/>
						<line hits="1" number="103"/>
						<line hits="1" number="105"/>
						<line branch="true" condition-coverage="100% (2/2)" hits="1" number="125"/>
						<line hits="1" number="126"/>
						<line branch="true" condition-coverage="100% (2/2)" hits="1" number="127"/>
						<line hits="1" number="128"/>
						<line hits="1" number="130"/>
						<line hits="1" number="131"/>
						<line hits="1" number="133"/>
						<line branch="true" condition-coverage="100% (2/2)" hits="1" number="134"/>
						<line branch="true" condition-coverage="100% (2/2)" hits="1" number="135"/>
						<line hits="1" number="136"/>
						<line hits="1" number="137"/>
						<line hits="1" number="138"/>
						<line hits="1" number="140"/>
						<line hits="1" number="176"/>
						<line hits="1" number="177"/>
						<line branch="true" condition-coverage="100% (2/2)" hits="1" number="179"/>
						<line hits="1" number="180"/>
						<line branch="true" condition-coverage="100% (2/2)" hits="1" number="181"/>
						<line hits="1" number="182"/>
						<line hits="1" number="184"/>
						<line hits="1" number="186"/>
						<line hits="1" number="188"/>
						<line hits="1" number="190"/>
						<line hits="1" number="191"/>
						<line hits="1" number="192"/>
						<line hits="1" number="193"/>
						<line hits="1" number="195"/>
						<line hits="1" number="196"/>
						<line hits="1" number="197"/>
						<line hits="1" number="198"/>
						<line hits="1" number="199"/>
						<line hits="1" number="200"/>
						<line hits="1" number="201"/>
						<line hits="1" number="208"/>
						<line hits="1" number="210"/>
						<line branch="true" condition-coverage="100% (2/2)" hits="1" number="212"/>
						<line hits="1" number="213"/>
						<line branch="true" condition-coverage="100% (2/2)" hits="1" number="214"/>
						<line hits="1" number="215"/>
						<line hits="1" number="217"/>
						<line hits="1" number="219"/>
						<line branch="true" condition-coverage="100% (2/2)" hits="1" number="220"/>
						<line hits="1" number="221"/>
						<line hits="1" number="223"/>
						<line hits="1" number="224"/>
						<line hits="1" number="226"/>
						<line hits="1" number="240"/>
						<line hits="1" number="242"/>
						<line hits="1" number="247"/>
						<line hits="1" number="249"/>
						<line hits="1" number="254"/>
						<line hits="1" number="256"/>
					</lines>
				</class>
			</classes>
		</package>
		<package branch-rate="1" complexity="0" line-rate="1" name="provy.more.debian.vcs">
			<classes>
				<class branch-rate="1" complexity="0" filename="provy/more/debian/vcs/git.py" line-rate="1" name="provy.more.debian.vcs.git">
					<methods/>
					<lines>
						<line hits="1" number="4"/>
						<line hits="1" number="8"/>
						<line hits="1" number="9"/>
						<line hits="1" number="12"/>
						<line hits="1" number="29"/>
						<line hits="1" number="41"/>
						<line hits="1" number="42"/>
						<line hits="1" number="43"/>
						<line hits="1" number="45"/>
						<line hits="1" number="73"/>
						<line hits="1" number="74"/>
						<line hits="1" number="75"/>
						<line hits="1" number="77"/>
						<line branch="true" condition-coverage="100% (2/2)" hits="1" number="78"/>
						<line hits="1" number="79"/>
						<line hits="1" number="81"/>
						<line hits="1" number="82"/>
						<line branch="true" condition-coverage="100% (3/3)" hits="1" number="83"/>
						<line hits="1" number="85"/>
						<line hits="1" number="86"/>
						<line hits="1" number="87"/>
						<line hits="1" number="89"/>
						<line branch="true" condition-coverage="100% (2/2)" hits="1" number="90"/>
						<line hits="1" number="91"/>
						<line hits="1" number="92"/>
						<line hits="1" number="93"/>
					</lines>
				</class>
			</classes>
		</package>
		<package branch-rate="1" complexity="0" line-rate="1" name="provy.more.debian.web">
			<classes>
				<class branch-rate="1" complexity="0" filename="provy/more/debian/web/apache.py" line-rate="1" name="provy.more.debian.web.apache">
					<methods/>
					<lines>
						<line hits="1" number="3"/>
						<line hits="1" number="7"/>
						<line hits="1" number="9"/>
						<line hits="1" number="10"/>
						<line hits="1" number="13"/>
						<line hits="1" number="36"/>
						<line hits="1" number="37"/>
						<line hits="1" number="39"/>
						<line hits="1" number="40"/>
						<line hits="1" number="42"/>
						<line hits="1" number="43"/>
						<line hits="1" number="44"/>
						<line hits="1" number="46"/>
						<line hits="1" number="61"/>
						<line hits="1" number="62"/>
						<line hits="1" number="64"/>
						<line hits="1" number="70"/>
						<line branch="true" condition-coverage="100% (2/2)" hits="1" number="71"/>
						<line hits="1" number="72"/>
						<line hits="1" number="74"/>
						<line hits="1" number="93"/>
						<line hits="1" number="94"/>
						<line hits="1" number="96"/>
						<line hits="1" number="97"/>
						<line hits="1" number="99"/>
						<line hits="1" number="128"/>
						<line hits="1" number="129"/>
						<line hits="1" number="131"/>
						<line hits="1" number="150"/>
						<line hits="1" number="151"/>
						<line hits="1" number="152"/>
						<line hits="1" number="154"/>
						<line hits="1" number="173"/>
						<line hits="1" number="174"/>
						<line hits="1" number="175"/>
						<line hits="1" number="177"/>
						<line hits="1" number="193"/>
						<line hits="1" number="195"/>
						<line hits="1" number="211"/>
						<line hits="1" number="212"/>
					</lines>
				</class>
				<class branch-rate="1" complexity="0" filename="provy/more/debian/web/django.py" line-rate="1" name="provy.more.debian.web.django">
					<methods/>
					<lines>
						<line hits="1" number="4"/>
						<line hits="1" number="8"/>
						<line hits="1" number="10"/>
						<line hits="1" number="11"/>
						<line hits="1" number="12"/>
						<line hits="1" number="13"/>
						<line hits="1" number="15"/>
						<line hits="1" number="16"/>
						<line hits="1" number="19"/>
						<line hits="1" number="20"/>
						<line hits="1" number="21"/>
						<line hits="1" number="22"/>
						<line hits="1" number="23"/>
						<line hits="1" number="24"/>
						<line hits="1" number="25"/>
						<line hits="1" number="26"/>
						<line hits="1" number="27"/>
						<line hits="1" number="28"/>
						<line hits="1" number="29"/>
						<line hits="1" number="30"/>
						<line hits="1" number="31"/>
						<line branch="true" condition-coverage="100% (2/2)" hits="1" number="32"/>
						<line hits="1" number="33"/>
						<line hits="1" number="34"/>
						<line hits="1" number="36"/>
						<line hits="1" number="37"/>
						<line hits="1" number="39"/>
						<line hits="1" number="41"/>
						<line hits="1" number="42"/>
						<line hits="1" number="44"/>
						<line branch="true" condition-coverage="100% (2/2)" hits="1" number="45"/>
						<line hits="1" number="46"/>
						<line branch="true" condition-coverage="100% (2/2)" hits="1" number="48"/>
						<line hits="1" number="49"/>
						<line branch="true" condition-coverage="100% (2/2)" hits="1" number="51"/>
						<line hits="1" number="52"/>
						<line hits="1" number="53"/>
						<line hits="1" number="54"/>
						<line hits="1" number="56"/>
						<line hits="1" number="59"/>
						<line hits="1" number="118"/>
						<line hits="1" number="119"/>
						<line hits="1" number="120"/>
						<line hits="1" number="122"/>
						<line hits="1" number="146"/>
						<line hits="1" number="148"/>
						<line hits="1" number="149"/>
						<line hits="1" number="151"/>
						<line branch="true" condition-coverage="100% (2/2)" hits="1" number="152"/>
						<line hits="1" number="153"/>
						<line hits="1" number="155"/>
						<line hits="1" number="157"/>
						<line hits="1" number="159"/>
						<line hits="1" number="183"/>
						<line hits="1" number="185"/>
						<line hits="1" number="191"/>
						<line branch="true" condition-coverage="100% (2/2)" hits="1" number="193"/>
						<line branch="true" condition-coverage="100% (2/2)" hits="1" number="194"/>
						<line hits="1" number="195"/>
						<line hits="1" number="196"/>
						<line branch="true" condition-coverage="100% (2/2)" hits="1" number="197"/>
						<line hits="1" number="198"/>
						<line branch="true" condition-coverage="100% (2/2)" hits="1" number="199"/>
						<line hits="1" number="200"/>
						<line branch="true" condition-coverage="100% (2/2)" hits="1" number="202"/>
						<line branch="true" condition-coverage="100% (2/2)" hits="1" number="203"/>
						<line hits="1" number="204"/>
						<line hits="1" number="205"/>
						<line branch="true" condition-coverage="100% (2/2)" hits="1" number="206"/>
						<line hits="1" number="207"/>
						<line hits="1" number="209"/>
						<line hits="1" number="210"/>
						<line branch="true" condition-coverage="100% (2/2)" hits="1" number="211"/>
						<line hits="1" number="212"/>
						<line hits="1" number="214"/>
						<line hits="1" number="215"/>
						<line hits="1" number="216"/>
						<line hits="1" number="217"/>
						<line hits="1" number="218"/>
						<line hits="1" number="219"/>
						<line hits="1" number="220"/>
						<line hits="1" number="221"/>
						<line hits="1" number="222"/>
						<line hits="1" number="223"/>
						<line hits="1" number="225"/>
						<line branch="true" condition-coverage="100% (2/2)" hits="1" number="226"/>
						<line hits="1" number="227"/>
						<line hits="1" number="228"/>
						<line hits="1" number="230"/>
						<line branch="true" condition-coverage="100% (2/2)" hits="1" number="231"/>
						<line hits="1" number="232"/>
						<line branch="true" condition-coverage="100% (2/2)" hits="1" number="233"/>
						<line hits="1" number="234"/>
						<line hits="1" number="235"/>
						<line branch="true" condition-coverage="100% (2/2)" hits="1" number="236"/>
						<line hits="1" number="237"/>
						<line hits="1" number="238"/>
						<line hits="1" number="240"/>
						<line hits="1" number="241"/>
						<line hits="1" number="242"/>
						<line hits="1" number="246"/>
						<line hits="1" number="247"/>
						<line hits="1" number="249"/>
						<line hits="1" number="250"/>
						<line branch="true" condition-coverage="100% (2/2)" hits="1" number="251"/>
						<line hits="1" number="252"/>
						<line hits="1" number="253"/>
						<line hits="1" number="264"/>
						<line hits="1" number="265"/>
						<line branch="true" condition-coverage="100% (2/2)" hits="1" number="267"/>
						<line hits="1" number="268"/>
						<line hits="1" number="269"/>
						<line branch="true" condition-coverage="100% (2/2)" hits="1" number="270"/>
						<line hits="1" number="271"/>
						<line hits="1" number="273"/>
					</lines>
				</class>
				<class branch-rate="1" complexity="0" filename="provy/more/debian/web/nginx.py" line-rate="1" name="provy.more.debian.web.nginx">
					<methods/>
					<lines>
						<line hits="1" number="4"/>
						<line hits="1" number="8"/>
						<line hits="1" number="9"/>
						<line hits="1" number="12"/>
						<line hits="1" number="31"/>
						<line hits="1" number="32"/>
						<line hits="1" number="34"/>
						<line hits="1" number="35"/>
						<line hits="1" number="37"/>
						<line hits="1" number="52"/>
						<line hits="1" number="53"/>
						<line hits="1" number="54"/>
						<line hits="1" number="56"/>
						<line hits="1" number="61"/>
						<line branch="true" condition-coverage="100% (2/2)" hits="1" number="62"/>
						<line hits="1" number="63"/>
						<line hits="1" number="65"/>
						<line hits="1" number="88"/>
						<line branch="true" condition-coverage="100% (2/2)" hits="1" number="92"/>
						<line hits="1" number="93"/>
						<line hits="1" number="94"/>
						<line hits="1" number="96"/>
						<line hits="1" number="114"/>
						<line branch="true" condition-coverage="100% (2/2)" hits="1" number="115"/>
						<line hits="1" number="116"/>
						<line hits="1" number="117"/>
						<line hits="1" number="119"/>
						<line hits="1" number="138"/>
						<line branch="true" condition-coverage="100% (2/2)" hits="1" number="141"/>
						<line hits="1" number="142"/>
						<line hits="1" number="143"/>
						<line hits="1" number="145"/>
						<line hits="1" number="172"/>
						<line branch="true" condition-coverage="100% (2/2)" hits="1" number="175"/>
						<line hits="1" number="176"/>
						<line hits="1" number="177"/>
						<line hits="1" number="179"/>
						<line hits="1" number="194"/>
						<line hits="1" number="196"/>
						<line hits="1" number="211"/>
						<line hits="1" number="212"/>
					</lines>
				</class>
				<class branch-rate="1" complexity="0" filename="provy/more/debian/web/rails.py" line-rate="1" name="provy.more.debian.web.rails">
					<methods/>
					<lines>
						<line hits="1" number="4"/>
						<line hits="1" number="8"/>
						<line hits="1" number="9"/>
						<line hits="1" number="10"/>
						<line hits="1" number="11"/>
						<line hits="1" number="14"/>
						<line hits="1" number="32"/>
						<line hits="1" number="50"/>
						<line hits="1" number="51"/>
						<line hits="1" number="53"/>
						<line hits="1" number="68"/>
						<line hits="1" number="70"/>
						<line hits="1" number="71"/>
						<line hits="1" number="72"/>
						<line hits="1" number="73"/>
						<line hits="1" number="74"/>
						<line hits="1" number="76"/>
						<line hits="1" number="77"/>
						<line hits="1" number="78"/>
						<line hits="1" number="79"/>
						<line hits="1" number="81"/>
						<line hits="1" number="82"/>
						<line hits="1" number="83"/>
						<line hits="1" number="84"/>
						<line hits="1" number="86"/>
						<line hits="1" number="87"/>
						<line hits="1" number="88"/>
						<line hits="1" number="89"/>
						<line hits="1" number="91"/>
						<line hits="1" number="92"/>
						<line branch="true" condition-coverage="100% (2/2)" hits="1" number="93"/>
						<line hits="1" number="94"/>
						<line hits="1" number="96"/>
						<line branch="true" condition-coverage="100% (2/2)" hits="1" number="97"/>
						<line hits="1" number="98"/>
						<line hits="1" number="99"/>
						<line hits="1" number="100"/>
						<line hits="1" number="101"/>
						<line hits="1" number="103"/>
						<line hits="1" number="109"/>
						<line branch="true" condition-coverage="100% (2/2)" hits="1" number="110"/>
						<line hits="1" number="111"/>
						<line hits="1" number="113"/>
						<line hits="1" number="131"/>
						<line hits="1" number="132"/>
						<line hits="1" number="134"/>
						<line hits="1" number="152"/>
						<line hits="1" number="153"/>
						<line hits="1" number="155"/>
						<line hits="1" number="187"/>
						<line hits="1" number="188"/>
						<line hits="1" number="189"/>
						<line hits="1" number="190"/>
						<line hits="1" number="194"/>
						<line branch="true" condition-coverage="100% (2/2)" hits="1" number="195"/>
						<line hits="1" number="196"/>
						<line hits="1" number="197"/>
						<line hits="1" number="198"/>
						<line hits="1" number="200"/>
						<line hits="1" number="215"/>
						<line hits="1" number="217"/>
						<line hits="1" number="232"/>
						<line hits="1" number="233"/>
					</lines>
				</class>
				<class branch-rate="0" complexity="0" filename="provy/more/debian/web/tornado.py" line-rate="1" name="provy.more.debian.web.tornado">
					<methods/>
					<lines>
						<line hits="1" number="4"/>
						<line hits="1" number="8"/>
						<line hits="1" number="9"/>
						<line hits="1" number="10"/>
						<line hits="1" number="13"/>
						<line hits="1" number="28"/>
						<line hits="1" number="44"/>
						<line hits="1" number="45"/>
						<line hits="1" number="46"/>
						<line hits="1" number="48"/>
						<line hits="1" number="49"/>
					</lines>
				</class>
			</classes>
		</package>
		<package branch-rate="0" complexity="0" line-rate="1" name="provy.more.linux">
			<classes>
				<class branch-rate="0" complexity="0" filename="provy/more/linux/networking/__init__.py" line-rate="1" name="provy.more.linux.networking">
					<methods/>
					<lines>
						<line hits="1" number="5"/>
						<line hits="1" number="9"/>
					</lines>
				</class>
			</classes>
		</package>
		<package branch-rate="0" complexity="0" line-rate="1" name="provy.more.linux.networking">
			<classes>
				<class branch-rate="0" complexity="0" filename="provy/more/linux/networking/hosts.py" line-rate="1" name="provy.more.linux.networking.hosts">
					<methods/>
					<lines>
						<line hits="1" number="4"/>
						<line hits="1" number="8"/>
						<line hits="1" number="11"/>
						<line hits="1" number="27"/>
						<line hits="1" number="36"/>
					</lines>
				</class>
			</classes>
		</package>
	</packages>
</coverage>
